mode: atomic
github.com/onflow/flow-go/cmd/bootstrap/transit/cmd/push.go:23.13,26.2 2 1
github.com/onflow/flow-go/cmd/bootstrap/transit/cmd/push.go:28.24,34.2 4 1
github.com/onflow/flow-go/cmd/bootstrap/transit/cmd/push.go:37.46,44.16 5 0
github.com/onflow/flow-go/cmd/bootstrap/transit/cmd/push.go:48.2,49.16 2 0
github.com/onflow/flow-go/cmd/bootstrap/transit/cmd/push.go:54.2,58.16 3 0
github.com/onflow/flow-go/cmd/bootstrap/transit/cmd/push.go:61.2,63.32 2 0
github.com/onflow/flow-go/cmd/bootstrap/transit/cmd/push.go:70.2,72.29 3 0
github.com/onflow/flow-go/cmd/bootstrap/transit/cmd/push.go:81.2,81.55 1 0
github.com/onflow/flow-go/cmd/bootstrap/transit/cmd/push.go:44.16,46.3 1 0
github.com/onflow/flow-go/cmd/bootstrap/transit/cmd/push.go:49.16,51.3 1 0
github.com/onflow/flow-go/cmd/bootstrap/transit/cmd/push.go:58.16,60.3 1 0
github.com/onflow/flow-go/cmd/bootstrap/transit/cmd/push.go:63.32,65.17 2 0
github.com/onflow/flow-go/cmd/bootstrap/transit/cmd/push.go:65.17,67.4 1 0
github.com/onflow/flow-go/cmd/bootstrap/transit/cmd/push.go:72.29,77.17 5 0
github.com/onflow/flow-go/cmd/bootstrap/transit/cmd/push.go:77.17,79.4 1 0
github.com/onflow/flow-go/cmd/bootstrap/transit/cmd/version.go:21.13,23.2 1 1
github.com/onflow/flow-go/cmd/bootstrap/transit/cmd/version.go:26.49,29.29 1 0
github.com/onflow/flow-go/cmd/bootstrap/transit/cmd/version.go:32.2,32.29 1 0
github.com/onflow/flow-go/cmd/bootstrap/transit/cmd/version.go:36.2,36.58 1 0
github.com/onflow/flow-go/cmd/bootstrap/transit/cmd/version.go:29.29,31.3 1 0
github.com/onflow/flow-go/cmd/bootstrap/transit/cmd/version.go:32.29,34.3 1 0
github.com/onflow/flow-go/cmd/bootstrap/transit/cmd/version.go:36.58,38.3 1 0
github.com/onflow/flow-go/cmd/bootstrap/transit/cmd/wrap.go:17.13,20.2 2 1
github.com/onflow/flow-go/cmd/bootstrap/transit/cmd/wrap.go:22.24,28.2 4 1
github.com/onflow/flow-go/cmd/bootstrap/transit/cmd/wrap.go:31.46,35.16 3 0
github.com/onflow/flow-go/cmd/bootstrap/transit/cmd/wrap.go:39.2,39.32 1 0
github.com/onflow/flow-go/cmd/bootstrap/transit/cmd/wrap.go:44.2,46.16 3 0
github.com/onflow/flow-go/cmd/bootstrap/transit/cmd/wrap.go:50.2,50.39 1 0
github.com/onflow/flow-go/cmd/bootstrap/transit/cmd/wrap.go:35.16,37.3 1 0
github.com/onflow/flow-go/cmd/bootstrap/transit/cmd/wrap.go:39.32,42.3 2 0
github.com/onflow/flow-go/cmd/bootstrap/transit/cmd/wrap.go:46.16,48.3 1 0
github.com/onflow/flow-go/cmd/bootstrap/transit/cmd/pull.go:24.13,27.2 2 1
github.com/onflow/flow-go/cmd/bootstrap/transit/cmd/pull.go:29.24,35.2 4 1
github.com/onflow/flow-go/cmd/bootstrap/transit/cmd/pull.go:38.46,45.16 5 0
github.com/onflow/flow-go/cmd/bootstrap/transit/cmd/pull.go:49.2,50.16 2 0
github.com/onflow/flow-go/cmd/bootstrap/transit/cmd/pull.go:55.2,59.16 3 0
github.com/onflow/flow-go/cmd/bootstrap/transit/cmd/pull.go:62.2,67.16 4 0
github.com/onflow/flow-go/cmd/bootstrap/transit/cmd/pull.go:70.2,73.29 2 0
github.com/onflow/flow-go/cmd/bootstrap/transit/cmd/pull.go:84.2,85.34 2 0
github.com/onflow/flow-go/cmd/bootstrap/transit/cmd/pull.go:97.2,97.32 1 0
github.com/onflow/flow-go/cmd/bootstrap/transit/cmd/pull.go:110.2,110.32 1 0
github.com/onflow/flow-go/cmd/bootstrap/transit/cmd/pull.go:118.2,120.16 3 0
github.com/onflow/flow-go/cmd/bootstrap/transit/cmd/pull.go:123.2,123.75 1 0
github.com/onflow/flow-go/cmd/bootstrap/transit/cmd/pull.go:45.16,47.3 1 0
github.com/onflow/flow-go/cmd/bootstrap/transit/cmd/pull.go:50.16,52.3 1 0
github.com/onflow/flow-go/cmd/bootstrap/transit/cmd/pull.go:59.16,61.3 1 0
github.com/onflow/flow-go/cmd/bootstrap/transit/cmd/pull.go:67.16,69.3 1 0
github.com/onflow/flow-go/cmd/bootstrap/transit/cmd/pull.go:73.29,78.17 4 0
github.com/onflow/flow-go/cmd/bootstrap/transit/cmd/pull.go:78.17,80.4 1 0
github.com/onflow/flow-go/cmd/bootstrap/transit/cmd/pull.go:85.34,91.17 5 0
github.com/onflow/flow-go/cmd/bootstrap/transit/cmd/pull.go:91.17,93.4 1 0
github.com/onflow/flow-go/cmd/bootstrap/transit/cmd/pull.go:97.32,104.17 5 0
github.com/onflow/flow-go/cmd/bootstrap/transit/cmd/pull.go:104.17,106.4 1 0
github.com/onflow/flow-go/cmd/bootstrap/transit/cmd/pull.go:110.32,112.17 2 0
github.com/onflow/flow-go/cmd/bootstrap/transit/cmd/pull.go:112.17,114.4 1 0
github.com/onflow/flow-go/cmd/bootstrap/transit/cmd/pull.go:120.16,122.3 1 0
github.com/onflow/flow-go/cmd/bootstrap/transit/cmd/root.go:21.16,22.42 1 0
github.com/onflow/flow-go/cmd/bootstrap/transit/cmd/root.go:22.42,25.3 2 0
github.com/onflow/flow-go/cmd/bootstrap/transit/cmd/root.go:28.13,32.2 3 1
github.com/onflow/flow-go/cmd/bootstrap/transit/cmd/root.go:34.19,36.2 1 0
github.com/onflow/flow-go/cmd/bootstrap/transit/cmd/snapshot.go:28.13,31.2 2 1
github.com/onflow/flow-go/cmd/bootstrap/transit/cmd/snapshot.go:33.28,36.2 2 1
github.com/onflow/flow-go/cmd/bootstrap/transit/cmd/snapshot.go:39.50,46.16 5 0
github.com/onflow/flow-go/cmd/bootstrap/transit/cmd/snapshot.go:50.2,51.16 2 0
github.com/onflow/flow-go/cmd/bootstrap/transit/cmd/snapshot.go:56.2,57.16 2 0
github.com/onflow/flow-go/cmd/bootstrap/transit/cmd/snapshot.go:62.2,63.16 2 0
github.com/onflow/flow-go/cmd/bootstrap/transit/cmd/snapshot.go:68.2,69.16 2 0
github.com/onflow/flow-go/cmd/bootstrap/transit/cmd/snapshot.go:74.2,75.16 2 0
github.com/onflow/flow-go/cmd/bootstrap/transit/cmd/snapshot.go:78.2,78.61 1 0
github.com/onflow/flow-go/cmd/bootstrap/transit/cmd/snapshot.go:86.2,87.16 2 0
github.com/onflow/flow-go/cmd/bootstrap/transit/cmd/snapshot.go:90.2,90.58 1 0
github.com/onflow/flow-go/cmd/bootstrap/transit/cmd/snapshot.go:98.2,98.134 1 0
github.com/onflow/flow-go/cmd/bootstrap/transit/cmd/snapshot.go:46.16,48.3 1 0
github.com/onflow/flow-go/cmd/bootstrap/transit/cmd/snapshot.go:51.16,53.3 1 0
github.com/onflow/flow-go/cmd/bootstrap/transit/cmd/snapshot.go:57.16,59.3 1 0
github.com/onflow/flow-go/cmd/bootstrap/transit/cmd/snapshot.go:63.16,65.3 1 0
github.com/onflow/flow-go/cmd/bootstrap/transit/cmd/snapshot.go:69.16,71.3 1 0
github.com/onflow/flow-go/cmd/bootstrap/transit/cmd/snapshot.go:75.16,77.3 1 0
github.com/onflow/flow-go/cmd/bootstrap/transit/cmd/snapshot.go:78.61,80.17 2 0
github.com/onflow/flow-go/cmd/bootstrap/transit/cmd/snapshot.go:83.3,83.9 1 0
github.com/onflow/flow-go/cmd/bootstrap/transit/cmd/snapshot.go:80.17,82.4 1 0
github.com/onflow/flow-go/cmd/bootstrap/transit/cmd/snapshot.go:87.16,89.3 1 0
github.com/onflow/flow-go/cmd/bootstrap/transit/cmd/snapshot.go:90.58,92.17 2 0
github.com/onflow/flow-go/cmd/bootstrap/transit/cmd/snapshot.go:95.3,95.9 1 0
github.com/onflow/flow-go/cmd/bootstrap/transit/cmd/snapshot.go:92.17,94.4 1 0
github.com/onflow/flow-go/cmd/bootstrap/transit/cmd/utils.go:48.35,52.16 3 0
github.com/onflow/flow-go/cmd/bootstrap/transit/cmd/utils.go:56.2,56.45 1 0
github.com/onflow/flow-go/cmd/bootstrap/transit/cmd/utils.go:52.16,54.3 1 0
github.com/onflow/flow-go/cmd/bootstrap/transit/cmd/utils.go:59.75,60.14 1 0
github.com/onflow/flow-go/cmd/bootstrap/transit/cmd/utils.go:64.2,64.26 1 0
github.com/onflow/flow-go/cmd/bootstrap/transit/cmd/utils.go:61.26,62.65 1 0
github.com/onflow/flow-go/cmd/bootstrap/transit/cmd/utils.go:67.48,68.14 1 0
github.com/onflow/flow-go/cmd/bootstrap/transit/cmd/utils.go:69.26,70.55 1 0
github.com/onflow/flow-go/cmd/bootstrap/transit/cmd/utils.go:71.10,72.23 1 0
github.com/onflow/flow-go/cmd/bootstrap/transit/cmd/utils.go:76.46,78.16 2 1
github.com/onflow/flow-go/cmd/bootstrap/transit/cmd/utils.go:81.2,84.41 3 1
github.com/onflow/flow-go/cmd/bootstrap/transit/cmd/utils.go:88.2,88.43 1 1
github.com/onflow/flow-go/cmd/bootstrap/transit/cmd/utils.go:78.16,80.3 1 0
github.com/onflow/flow-go/cmd/bootstrap/transit/cmd/utils.go:84.41,86.3 1 0
github.com/onflow/flow-go/cmd/bootstrap/transit/cmd/utils.go:92.38,95.30 1 0
github.com/onflow/flow-go/cmd/bootstrap/transit/cmd/utils.go:100.2,102.16 3 0
github.com/onflow/flow-go/cmd/bootstrap/transit/cmd/utils.go:107.2,108.16 2 0
github.com/onflow/flow-go/cmd/bootstrap/transit/cmd/utils.go:115.2,116.16 2 0
github.com/onflow/flow-go/cmd/bootstrap/transit/cmd/utils.go:121.2,122.16 2 0
github.com/onflow/flow-go/cmd/bootstrap/transit/cmd/utils.go:125.2,129.16 3 0
github.com/onflow/flow-go/cmd/bootstrap/transit/cmd/utils.go:139.2,140.16 2 0
github.com/onflow/flow-go/cmd/bootstrap/transit/cmd/utils.go:145.2,146.16 2 0
github.com/onflow/flow-go/cmd/bootstrap/transit/cmd/utils.go:151.2,152.16 2 0
github.com/onflow/flow-go/cmd/bootstrap/transit/cmd/utils.go:157.2,158.16 2 0
github.com/onflow/flow-go/cmd/bootstrap/transit/cmd/utils.go:163.2,164.16 2 0
github.com/onflow/flow-go/cmd/bootstrap/transit/cmd/utils.go:168.2,168.12 1 0
github.com/onflow/flow-go/cmd/bootstrap/transit/cmd/utils.go:95.30,97.3 1 0
github.com/onflow/flow-go/cmd/bootstrap/transit/cmd/utils.go:102.16,104.3 1 0
github.com/onflow/flow-go/cmd/bootstrap/transit/cmd/utils.go:108.16,111.3 1 0
github.com/onflow/flow-go/cmd/bootstrap/transit/cmd/utils.go:116.16,118.3 1 0
github.com/onflow/flow-go/cmd/bootstrap/transit/cmd/utils.go:122.16,124.3 1 0
github.com/onflow/flow-go/cmd/bootstrap/transit/cmd/utils.go:129.16,132.22 3 0
github.com/onflow/flow-go/cmd/bootstrap/transit/cmd/utils.go:135.3,135.76 1 0
github.com/onflow/flow-go/cmd/bootstrap/transit/cmd/utils.go:132.22,134.4 1 0
github.com/onflow/flow-go/cmd/bootstrap/transit/cmd/utils.go:140.16,142.3 1 0
github.com/onflow/flow-go/cmd/bootstrap/transit/cmd/utils.go:146.16,148.3 1 0
github.com/onflow/flow-go/cmd/bootstrap/transit/cmd/utils.go:152.16,154.3 1 0
github.com/onflow/flow-go/cmd/bootstrap/transit/cmd/utils.go:158.16,160.3 1 0
github.com/onflow/flow-go/cmd/bootstrap/transit/cmd/utils.go:164.16,166.3 1 0
github.com/onflow/flow-go/cmd/bootstrap/transit/cmd/utils.go:171.54,181.16 7 1
github.com/onflow/flow-go/cmd/bootstrap/transit/cmd/utils.go:185.2,186.16 2 1
github.com/onflow/flow-go/cmd/bootstrap/transit/cmd/utils.go:190.2,191.16 2 1
github.com/onflow/flow-go/cmd/bootstrap/transit/cmd/utils.go:196.2,202.9 6 1
github.com/onflow/flow-go/cmd/bootstrap/transit/cmd/utils.go:206.2,207.16 2 1
github.com/onflow/flow-go/cmd/bootstrap/transit/cmd/utils.go:211.2,211.12 1 1
github.com/onflow/flow-go/cmd/bootstrap/transit/cmd/utils.go:181.16,183.3 1 0
github.com/onflow/flow-go/cmd/bootstrap/transit/cmd/utils.go:186.16,188.3 1 0
github.com/onflow/flow-go/cmd/bootstrap/transit/cmd/utils.go:191.16,193.3 1 0
github.com/onflow/flow-go/cmd/bootstrap/transit/cmd/utils.go:202.9,204.3 1 0
github.com/onflow/flow-go/cmd/bootstrap/transit/cmd/utils.go:207.16,209.3 1 0
github.com/onflow/flow-go/cmd/bootstrap/transit/cmd/utils.go:214.52,220.16 5 1
github.com/onflow/flow-go/cmd/bootstrap/transit/cmd/utils.go:224.2,225.16 2 1
github.com/onflow/flow-go/cmd/bootstrap/transit/cmd/utils.go:229.2,235.16 5 1
github.com/onflow/flow-go/cmd/bootstrap/transit/cmd/utils.go:239.2,240.16 2 1
github.com/onflow/flow-go/cmd/bootstrap/transit/cmd/utils.go:244.2,244.12 1 1
github.com/onflow/flow-go/cmd/bootstrap/transit/cmd/utils.go:220.16,222.3 1 0
github.com/onflow/flow-go/cmd/bootstrap/transit/cmd/utils.go:225.16,227.3 1 0
github.com/onflow/flow-go/cmd/bootstrap/transit/cmd/utils.go:235.16,237.3 1 0
github.com/onflow/flow-go/cmd/bootstrap/transit/cmd/utils.go:240.16,242.3 1 0
github.com/onflow/flow-go/cmd/bootstrap/transit/cmd/utils.go:248.56,253.65 3 1
github.com/onflow/flow-go/cmd/bootstrap/transit/cmd/utils.go:258.2,262.16 3 1
github.com/onflow/flow-go/cmd/bootstrap/transit/cmd/utils.go:267.2,268.16 2 1
github.com/onflow/flow-go/cmd/bootstrap/transit/cmd/utils.go:273.2,274.16 2 1
github.com/onflow/flow-go/cmd/bootstrap/transit/cmd/utils.go:278.2,278.12 1 1
github.com/onflow/flow-go/cmd/bootstrap/transit/cmd/utils.go:253.65,256.3 2 0
github.com/onflow/flow-go/cmd/bootstrap/transit/cmd/utils.go:262.16,264.3 1 0
github.com/onflow/flow-go/cmd/bootstrap/transit/cmd/utils.go:268.16,270.3 1 0
github.com/onflow/flow-go/cmd/bootstrap/transit/cmd/utils.go:274.16,276.3 1 0
github.com/onflow/flow-go/cmd/bootstrap/transit/cmd/prepare.go:17.13,20.2 2 1
github.com/onflow/flow-go/cmd/bootstrap/transit/cmd/prepare.go:22.27,25.2 2 1
github.com/onflow/flow-go/cmd/bootstrap/transit/cmd/prepare.go:28.49,32.16 3 0
github.com/onflow/flow-go/cmd/bootstrap/transit/cmd/prepare.go:36.2,36.32 1 0
github.com/onflow/flow-go/cmd/bootstrap/transit/cmd/prepare.go:41.2,42.16 2 0
github.com/onflow/flow-go/cmd/bootstrap/transit/cmd/prepare.go:46.2,47.16 2 0
github.com/onflow/flow-go/cmd/bootstrap/transit/cmd/prepare.go:50.2,50.68 1 0
github.com/onflow/flow-go/cmd/bootstrap/transit/cmd/prepare.go:32.16,34.3 1 0
github.com/onflow/flow-go/cmd/bootstrap/transit/cmd/prepare.go:36.32,39.3 2 0
github.com/onflow/flow-go/cmd/bootstrap/transit/cmd/prepare.go:42.16,44.3 1 0
github.com/onflow/flow-go/cmd/bootstrap/transit/cmd/prepare.go:47.16,49.3 1 0
github.com/onflow/flow-go/cmd/bootstrap/cmd/copy.go:11.44,16.45 4 0
github.com/onflow/flow-go/cmd/bootstrap/cmd/copy.go:20.2,20.56 1 0
github.com/onflow/flow-go/cmd/bootstrap/cmd/copy.go:24.2,24.48 1 0
github.com/onflow/flow-go/cmd/bootstrap/cmd/copy.go:27.2,27.25 1 0
github.com/onflow/flow-go/cmd/bootstrap/cmd/copy.go:41.2,41.12 1 0
github.com/onflow/flow-go/cmd/bootstrap/cmd/copy.go:16.45,18.3 1 0
github.com/onflow/flow-go/cmd/bootstrap/cmd/copy.go:20.56,22.3 1 0
github.com/onflow/flow-go/cmd/bootstrap/cmd/copy.go:24.48,26.3 1 0
github.com/onflow/flow-go/cmd/bootstrap/cmd/copy.go:27.25,31.17 3 0
github.com/onflow/flow-go/cmd/bootstrap/cmd/copy.go:31.17,32.47 1 0
github.com/onflow/flow-go/cmd/bootstrap/cmd/copy.go:32.47,34.5 1 0
github.com/onflow/flow-go/cmd/bootstrap/cmd/copy.go:35.9,36.48 1 0
github.com/onflow/flow-go/cmd/bootstrap/cmd/copy.go:36.48,38.5 1 0
github.com/onflow/flow-go/cmd/bootstrap/cmd/copy.go:45.38,51.43 5 0
github.com/onflow/flow-go/cmd/bootstrap/cmd/copy.go:54.2,56.45 2 0
github.com/onflow/flow-go/cmd/bootstrap/cmd/copy.go:59.2,61.48 2 0
github.com/onflow/flow-go/cmd/bootstrap/cmd/copy.go:64.2,64.45 1 0
github.com/onflow/flow-go/cmd/bootstrap/cmd/copy.go:67.2,67.38 1 0
github.com/onflow/flow-go/cmd/bootstrap/cmd/copy.go:51.43,53.3 1 0
github.com/onflow/flow-go/cmd/bootstrap/cmd/copy.go:56.45,58.3 1 0
github.com/onflow/flow-go/cmd/bootstrap/cmd/copy.go:61.48,63.3 1 0
github.com/onflow/flow-go/cmd/bootstrap/cmd/copy.go:64.45,66.3 1 0
github.com/onflow/flow-go/cmd/bootstrap/cmd/finalize.go:54.13,57.2 2 1
github.com/onflow/flow-go/cmd/bootstrap/cmd/finalize.go:59.28,102.2 23 1
github.com/onflow/flow-go/cmd/bootstrap/cmd/finalize.go:104.50,128.90 18 0
github.com/onflow/flow-go/cmd/bootstrap/cmd/finalize.go:157.2,191.16 23 0
github.com/onflow/flow-go/cmd/bootstrap/cmd/finalize.go:195.2,200.16 4 0
github.com/onflow/flow-go/cmd/bootstrap/cmd/finalize.go:204.2,205.16 2 0
github.com/onflow/flow-go/cmd/bootstrap/cmd/finalize.go:209.2,209.33 1 0
github.com/onflow/flow-go/cmd/bootstrap/cmd/finalize.go:213.2,213.37 1 0
github.com/onflow/flow-go/cmd/bootstrap/cmd/finalize.go:217.2,217.44 1 0
github.com/onflow/flow-go/cmd/bootstrap/cmd/finalize.go:221.2,225.47 3 0
github.com/onflow/flow-go/cmd/bootstrap/cmd/finalize.go:234.2,238.38 3 0
github.com/onflow/flow-go/cmd/bootstrap/cmd/finalize.go:242.2,242.58 1 0
github.com/onflow/flow-go/cmd/bootstrap/cmd/finalize.go:128.90,134.17 5 0
github.com/onflow/flow-go/cmd/bootstrap/cmd/finalize.go:137.3,138.17 2 0
github.com/onflow/flow-go/cmd/bootstrap/cmd/finalize.go:141.3,150.17 2 0
github.com/onflow/flow-go/cmd/bootstrap/cmd/finalize.go:153.3,154.21 2 0
github.com/onflow/flow-go/cmd/bootstrap/cmd/finalize.go:134.17,136.4 1 0
github.com/onflow/flow-go/cmd/bootstrap/cmd/finalize.go:138.17,140.4 1 0
github.com/onflow/flow-go/cmd/bootstrap/cmd/finalize.go:150.17,152.4 1 0
github.com/onflow/flow-go/cmd/bootstrap/cmd/finalize.go:191.16,193.3 1 0
github.com/onflow/flow-go/cmd/bootstrap/cmd/finalize.go:200.16,202.3 1 0
github.com/onflow/flow-go/cmd/bootstrap/cmd/finalize.go:205.16,207.3 1 0
github.com/onflow/flow-go/cmd/bootstrap/cmd/finalize.go:209.33,211.3 1 0
github.com/onflow/flow-go/cmd/bootstrap/cmd/finalize.go:213.37,215.3 1 0
github.com/onflow/flow-go/cmd/bootstrap/cmd/finalize.go:217.44,219.3 1 0
github.com/onflow/flow-go/cmd/bootstrap/cmd/finalize.go:225.47,228.17 3 0
github.com/onflow/flow-go/cmd/bootstrap/cmd/finalize.go:228.17,230.4 1 0
github.com/onflow/flow-go/cmd/bootstrap/cmd/finalize.go:231.8,233.3 1 0
github.com/onflow/flow-go/cmd/bootstrap/cmd/finalize.go:238.38,240.3 1 0
github.com/onflow/flow-go/cmd/bootstrap/cmd/finalize.go:247.46,256.35 7 0
github.com/onflow/flow-go/cmd/bootstrap/cmd/finalize.go:278.2,278.14 1 0
github.com/onflow/flow-go/cmd/bootstrap/cmd/finalize.go:256.35,262.13 5 0
github.com/onflow/flow-go/cmd/bootstrap/cmd/finalize.go:267.3,275.30 2 0
github.com/onflow/flow-go/cmd/bootstrap/cmd/finalize.go:262.13,265.4 2 0
github.com/onflow/flow-go/cmd/bootstrap/cmd/finalize.go:282.45,285.16 3 0
github.com/onflow/flow-go/cmd/bootstrap/cmd/finalize.go:288.2,288.26 1 0
github.com/onflow/flow-go/cmd/bootstrap/cmd/finalize.go:299.2,299.17 1 0
github.com/onflow/flow-go/cmd/bootstrap/cmd/finalize.go:285.16,287.3 1 0
github.com/onflow/flow-go/cmd/bootstrap/cmd/finalize.go:288.26,290.60 1 0
github.com/onflow/flow-go/cmd/bootstrap/cmd/finalize.go:295.3,297.33 3 0
github.com/onflow/flow-go/cmd/bootstrap/cmd/finalize.go:290.60,291.12 1 0
github.com/onflow/flow-go/cmd/bootstrap/cmd/finalize.go:304.47,312.41 6 0
github.com/onflow/flow-go/cmd/bootstrap/cmd/finalize.go:336.2,336.14 1 0
github.com/onflow/flow-go/cmd/bootstrap/cmd/finalize.go:312.41,319.13 4 0
github.com/onflow/flow-go/cmd/bootstrap/cmd/finalize.go:324.3,333.30 2 0
github.com/onflow/flow-go/cmd/bootstrap/cmd/finalize.go:319.13,322.4 2 0
github.com/onflow/flow-go/cmd/bootstrap/cmd/finalize.go:341.47,346.16 3 0
github.com/onflow/flow-go/cmd/bootstrap/cmd/finalize.go:351.2,351.26 1 0
github.com/onflow/flow-go/cmd/bootstrap/cmd/finalize.go:363.2,363.26 1 0
github.com/onflow/flow-go/cmd/bootstrap/cmd/finalize.go:346.16,348.3 1 0
github.com/onflow/flow-go/cmd/bootstrap/cmd/finalize.go:351.26,353.57 1 0
github.com/onflow/flow-go/cmd/bootstrap/cmd/finalize.go:358.3,360.51 3 0
github.com/onflow/flow-go/cmd/bootstrap/cmd/finalize.go:353.57,354.12 1 0
github.com/onflow/flow-go/cmd/bootstrap/cmd/finalize.go:367.50,374.33 5 0
github.com/onflow/flow-go/cmd/bootstrap/cmd/finalize.go:382.2,382.15 1 0
github.com/onflow/flow-go/cmd/bootstrap/cmd/finalize.go:374.33,375.43 1 0
github.com/onflow/flow-go/cmd/bootstrap/cmd/finalize.go:375.43,377.4 1 0
github.com/onflow/flow-go/cmd/bootstrap/cmd/finalize.go:377.9,379.4 1 0
github.com/onflow/flow-go/cmd/bootstrap/cmd/finalize.go:390.84,395.29 3 0
github.com/onflow/flow-go/cmd/bootstrap/cmd/finalize.go:402.2,403.29 2 0
github.com/onflow/flow-go/cmd/bootstrap/cmd/finalize.go:410.2,412.14 2 0
github.com/onflow/flow-go/cmd/bootstrap/cmd/finalize.go:395.29,396.47 1 0
github.com/onflow/flow-go/cmd/bootstrap/cmd/finalize.go:396.47,398.4 1 0
github.com/onflow/flow-go/cmd/bootstrap/cmd/finalize.go:403.29,404.41 1 0
github.com/onflow/flow-go/cmd/bootstrap/cmd/finalize.go:404.41,406.4 1 0
github.com/onflow/flow-go/cmd/bootstrap/cmd/finalize.go:417.61,418.27 1 0
github.com/onflow/flow-go/cmd/bootstrap/cmd/finalize.go:421.2,421.15 1 0
github.com/onflow/flow-go/cmd/bootstrap/cmd/finalize.go:418.27,420.3 1 0
github.com/onflow/flow-go/cmd/bootstrap/cmd/finalize.go:424.81,425.26 1 0
github.com/onflow/flow-go/cmd/bootstrap/cmd/finalize.go:428.2,428.12 1 0
github.com/onflow/flow-go/cmd/bootstrap/cmd/finalize.go:425.26,427.3 1 0
github.com/onflow/flow-go/cmd/bootstrap/cmd/finalize.go:431.81,432.26 1 0
github.com/onflow/flow-go/cmd/bootstrap/cmd/finalize.go:435.2,435.12 1 0
github.com/onflow/flow-go/cmd/bootstrap/cmd/finalize.go:432.26,434.3 1 0
github.com/onflow/flow-go/cmd/bootstrap/cmd/finalize.go:438.49,440.2 1 0
github.com/onflow/flow-go/cmd/bootstrap/cmd/finalize.go:443.69,445.16 2 0
github.com/onflow/flow-go/cmd/bootstrap/cmd/finalize.go:449.2,451.16 3 0
github.com/onflow/flow-go/cmd/bootstrap/cmd/finalize.go:455.2,455.51 1 0
github.com/onflow/flow-go/cmd/bootstrap/cmd/finalize.go:445.16,447.3 1 0
github.com/onflow/flow-go/cmd/bootstrap/cmd/finalize.go:451.16,453.3 1 0
github.com/onflow/flow-go/cmd/bootstrap/cmd/qc.go:11.132,13.16 2 0
github.com/onflow/flow-go/cmd/bootstrap/cmd/qc.go:17.2,18.16 2 0
github.com/onflow/flow-go/cmd/bootstrap/cmd/qc.go:22.2,22.11 1 0
github.com/onflow/flow-go/cmd/bootstrap/cmd/qc.go:13.16,15.3 1 0
github.com/onflow/flow-go/cmd/bootstrap/cmd/qc.go:18.16,20.3 1 0
github.com/onflow/flow-go/cmd/bootstrap/cmd/constraints.go:12.69,19.36 4 0
github.com/onflow/flow-go/cmd/bootstrap/cmd/constraints.go:33.2,35.43 3 0
github.com/onflow/flow-go/cmd/bootstrap/cmd/constraints.go:44.2,47.35 4 0
github.com/onflow/flow-go/cmd/bootstrap/cmd/constraints.go:69.2,70.65 2 0
github.com/onflow/flow-go/cmd/bootstrap/cmd/constraints.go:19.36,22.33 3 0
github.com/onflow/flow-go/cmd/bootstrap/cmd/constraints.go:22.33,23.35 1 0
github.com/onflow/flow-go/cmd/bootstrap/cmd/constraints.go:23.35,28.5 1 0
github.com/onflow/flow-go/cmd/bootstrap/cmd/constraints.go:35.43,40.3 1 0
github.com/onflow/flow-go/cmd/bootstrap/cmd/constraints.go:47.35,50.32 3 0
github.com/onflow/flow-go/cmd/bootstrap/cmd/constraints.go:64.3,65.43 2 0
github.com/onflow/flow-go/cmd/bootstrap/cmd/constraints.go:50.32,51.59 1 0
github.com/onflow/flow-go/cmd/bootstrap/cmd/constraints.go:54.4,54.60 1 0
github.com/onflow/flow-go/cmd/bootstrap/cmd/constraints.go:57.4,57.53 1 0
github.com/onflow/flow-go/cmd/bootstrap/cmd/constraints.go:51.59,53.5 1 0
github.com/onflow/flow-go/cmd/bootstrap/cmd/constraints.go:54.60,56.5 1 0
github.com/onflow/flow-go/cmd/bootstrap/cmd/constraints.go:57.53,62.5 1 0
github.com/onflow/flow-go/cmd/bootstrap/cmd/constraints.go:70.65,75.3 1 0
github.com/onflow/flow-go/cmd/bootstrap/cmd/final_list.go:22.13,25.2 2 1
github.com/onflow/flow-go/cmd/bootstrap/cmd/final_list.go:27.26,42.2 7 1
github.com/onflow/flow-go/cmd/bootstrap/cmd/final_list.go:44.51,67.2 11 0
github.com/onflow/flow-go/cmd/bootstrap/cmd/final_list.go:69.75,71.37 1 0
github.com/onflow/flow-go/cmd/bootstrap/cmd/final_list.go:77.2,84.29 4 0
github.com/onflow/flow-go/cmd/bootstrap/cmd/final_list.go:89.2,89.42 1 0
github.com/onflow/flow-go/cmd/bootstrap/cmd/final_list.go:71.37,74.3 1 0
github.com/onflow/flow-go/cmd/bootstrap/cmd/final_list.go:84.29,86.3 1 0
github.com/onflow/flow-go/cmd/bootstrap/cmd/final_list.go:89.42,95.43 2 0
github.com/onflow/flow-go/cmd/bootstrap/cmd/final_list.go:107.3,107.49 1 0
github.com/onflow/flow-go/cmd/bootstrap/cmd/final_list.go:114.3,114.50 1 0
github.com/onflow/flow-go/cmd/bootstrap/cmd/final_list.go:127.3,127.50 1 0
github.com/onflow/flow-go/cmd/bootstrap/cmd/final_list.go:95.43,101.4 1 0
github.com/onflow/flow-go/cmd/bootstrap/cmd/final_list.go:107.49,111.4 1 0
github.com/onflow/flow-go/cmd/bootstrap/cmd/final_list.go:114.50,119.37 3 0
github.com/onflow/flow-go/cmd/bootstrap/cmd/final_list.go:119.37,123.5 1 0
github.com/onflow/flow-go/cmd/bootstrap/cmd/final_list.go:127.50,131.37 3 0
github.com/onflow/flow-go/cmd/bootstrap/cmd/final_list.go:131.37,135.5 1 0
github.com/onflow/flow-go/cmd/bootstrap/cmd/final_list.go:142.85,146.35 2 0
github.com/onflow/flow-go/cmd/bootstrap/cmd/final_list.go:158.2,159.38 2 0
github.com/onflow/flow-go/cmd/bootstrap/cmd/final_list.go:170.2,170.61 1 0
github.com/onflow/flow-go/cmd/bootstrap/cmd/final_list.go:146.35,147.33 1 0
github.com/onflow/flow-go/cmd/bootstrap/cmd/final_list.go:147.33,154.4 2 0
github.com/onflow/flow-go/cmd/bootstrap/cmd/final_list.go:159.38,160.33 1 0
github.com/onflow/flow-go/cmd/bootstrap/cmd/final_list.go:160.33,167.4 2 0
github.com/onflow/flow-go/cmd/bootstrap/cmd/final_list.go:170.61,172.3 1 0
github.com/onflow/flow-go/cmd/bootstrap/cmd/final_list.go:175.91,178.38 2 0
github.com/onflow/flow-go/cmd/bootstrap/cmd/final_list.go:182.2,183.35 2 0
github.com/onflow/flow-go/cmd/bootstrap/cmd/final_list.go:188.2,189.38 2 0
github.com/onflow/flow-go/cmd/bootstrap/cmd/final_list.go:197.2,198.35 2 0
github.com/onflow/flow-go/cmd/bootstrap/cmd/final_list.go:206.2,206.69 1 0
github.com/onflow/flow-go/cmd/bootstrap/cmd/final_list.go:178.38,180.3 1 0
github.com/onflow/flow-go/cmd/bootstrap/cmd/final_list.go:183.35,185.3 1 0
github.com/onflow/flow-go/cmd/bootstrap/cmd/final_list.go:189.38,190.49 1 0
github.com/onflow/flow-go/cmd/bootstrap/cmd/final_list.go:190.49,194.4 2 0
github.com/onflow/flow-go/cmd/bootstrap/cmd/final_list.go:198.35,199.52 1 0
github.com/onflow/flow-go/cmd/bootstrap/cmd/final_list.go:199.52,203.4 2 0
github.com/onflow/flow-go/cmd/bootstrap/cmd/final_list.go:206.69,208.3 1 0
github.com/onflow/flow-go/cmd/bootstrap/cmd/final_list.go:211.59,216.41 4 0
github.com/onflow/flow-go/cmd/bootstrap/cmd/final_list.go:234.2,234.14 1 0
github.com/onflow/flow-go/cmd/bootstrap/cmd/final_list.go:216.41,232.3 4 0
github.com/onflow/flow-go/cmd/bootstrap/cmd/final_list.go:237.58,241.2 3 0
github.com/onflow/flow-go/cmd/bootstrap/cmd/final_list.go:243.52,247.2 3 0
github.com/onflow/flow-go/cmd/bootstrap/cmd/final_list.go:249.71,251.26 2 0
github.com/onflow/flow-go/cmd/bootstrap/cmd/final_list.go:272.2,272.24 1 0
github.com/onflow/flow-go/cmd/bootstrap/cmd/final_list.go:251.26,270.3 6 0
github.com/onflow/flow-go/cmd/bootstrap/cmd/name.go:38.42,39.21 1 5
github.com/onflow/flow-go/cmd/bootstrap/cmd/name.go:43.2,46.16 3 5
github.com/onflow/flow-go/cmd/bootstrap/cmd/name.go:50.2,61.25 9 3
github.com/onflow/flow-go/cmd/bootstrap/cmd/name.go:39.21,41.3 1 0
github.com/onflow/flow-go/cmd/bootstrap/cmd/name.go:46.16,48.3 1 2
github.com/onflow/flow-go/cmd/bootstrap/cmd/pull.go:29.13,32.2 2 1
github.com/onflow/flow-go/cmd/bootstrap/cmd/pull.go:34.24,39.2 3 1
github.com/onflow/flow-go/cmd/bootstrap/cmd/pull.go:42.46,52.16 6 0
github.com/onflow/flow-go/cmd/bootstrap/cmd/pull.go:55.2,59.16 4 0
github.com/onflow/flow-go/cmd/bootstrap/cmd/pull.go:62.2,64.29 2 0
github.com/onflow/flow-go/cmd/bootstrap/cmd/pull.go:52.16,54.3 1 0
github.com/onflow/flow-go/cmd/bootstrap/cmd/pull.go:59.16,61.3 1 0
github.com/onflow/flow-go/cmd/bootstrap/cmd/pull.go:64.29,65.46 1 0
github.com/onflow/flow-go/cmd/bootstrap/cmd/pull.go:65.46,70.18 4 0
github.com/onflow/flow-go/cmd/bootstrap/cmd/pull.go:70.18,72.5 1 0
github.com/onflow/flow-go/cmd/bootstrap/cmd/seal.go:23.39,26.16 2 0
github.com/onflow/flow-go/cmd/bootstrap/cmd/seal.go:29.2,30.16 2 0
github.com/onflow/flow-go/cmd/bootstrap/cmd/seal.go:37.2,56.16 6 0
github.com/onflow/flow-go/cmd/bootstrap/cmd/seal.go:60.2,60.34 1 0
github.com/onflow/flow-go/cmd/bootstrap/cmd/seal.go:64.2,64.21 1 0
github.com/onflow/flow-go/cmd/bootstrap/cmd/seal.go:26.16,28.3 1 0
github.com/onflow/flow-go/cmd/bootstrap/cmd/seal.go:30.16,35.3 1 0
github.com/onflow/flow-go/cmd/bootstrap/cmd/seal.go:56.16,58.3 1 0
github.com/onflow/flow-go/cmd/bootstrap/cmd/seal.go:60.34,62.3 1 0
github.com/onflow/flow-go/cmd/bootstrap/cmd/seal.go:71.58,77.16 5 2
github.com/onflow/flow-go/cmd/bootstrap/cmd/seal.go:81.2,81.21 1 2
github.com/onflow/flow-go/cmd/bootstrap/cmd/seal.go:77.16,79.3 1 0
github.com/onflow/flow-go/cmd/bootstrap/cmd/block.go:11.115,21.2 6 0
github.com/onflow/flow-go/cmd/bootstrap/cmd/block.go:23.48,24.17 1 0
github.com/onflow/flow-go/cmd/bootstrap/cmd/block.go:25.14,26.22 1 0
github.com/onflow/flow-go/cmd/bootstrap/cmd/block.go:27.14,28.22 1 0
github.com/onflow/flow-go/cmd/bootstrap/cmd/block.go:29.18,30.23 1 0
github.com/onflow/flow-go/cmd/bootstrap/cmd/block.go:31.10,33.12 2 0
github.com/onflow/flow-go/cmd/bootstrap/cmd/block.go:37.53,39.16 2 0
github.com/onflow/flow-go/cmd/bootstrap/cmd/block.go:42.2,43.29 2 0
github.com/onflow/flow-go/cmd/bootstrap/cmd/block.go:46.2,47.11 2 0
github.com/onflow/flow-go/cmd/bootstrap/cmd/block.go:39.16,41.3 1 0
github.com/onflow/flow-go/cmd/bootstrap/cmd/block.go:43.29,45.3 1 0
github.com/onflow/flow-go/cmd/bootstrap/cmd/block.go:50.53,52.21 1 0
github.com/onflow/flow-go/cmd/bootstrap/cmd/block.go:56.2,57.16 2 0
github.com/onflow/flow-go/cmd/bootstrap/cmd/block.go:61.2,61.17 1 0
github.com/onflow/flow-go/cmd/bootstrap/cmd/block.go:52.21,54.3 1 0
github.com/onflow/flow-go/cmd/bootstrap/cmd/block.go:57.16,59.3 1 0
github.com/onflow/flow-go/cmd/bootstrap/cmd/dkg.go:12.49,20.16 6 0
github.com/onflow/flow-go/cmd/bootstrap/cmd/dkg.go:25.2,25.16 1 0
github.com/onflow/flow-go/cmd/bootstrap/cmd/dkg.go:28.2,30.48 2 0
github.com/onflow/flow-go/cmd/bootstrap/cmd/dkg.go:45.2,45.16 1 0
github.com/onflow/flow-go/cmd/bootstrap/cmd/dkg.go:20.16,22.3 1 0
github.com/onflow/flow-go/cmd/bootstrap/cmd/dkg.go:22.8,24.3 1 0
github.com/onflow/flow-go/cmd/bootstrap/cmd/dkg.go:25.16,27.3 1 0
github.com/onflow/flow-go/cmd/bootstrap/cmd/dkg.go:30.48,43.3 5 0
github.com/onflow/flow-go/cmd/bootstrap/cmd/genconfig.go:23.52,26.39 2 0
github.com/onflow/flow-go/cmd/bootstrap/cmd/genconfig.go:29.2,29.43 1 0
github.com/onflow/flow-go/cmd/bootstrap/cmd/genconfig.go:32.2,32.42 1 0
github.com/onflow/flow-go/cmd/bootstrap/cmd/genconfig.go:35.2,35.42 1 0
github.com/onflow/flow-go/cmd/bootstrap/cmd/genconfig.go:38.2,38.45 1 0
github.com/onflow/flow-go/cmd/bootstrap/cmd/genconfig.go:42.2,42.32 1 0
github.com/onflow/flow-go/cmd/bootstrap/cmd/genconfig.go:26.39,28.3 1 0
github.com/onflow/flow-go/cmd/bootstrap/cmd/genconfig.go:29.43,31.3 1 0
github.com/onflow/flow-go/cmd/bootstrap/cmd/genconfig.go:32.42,34.3 1 0
github.com/onflow/flow-go/cmd/bootstrap/cmd/genconfig.go:35.42,37.3 1 0
github.com/onflow/flow-go/cmd/bootstrap/cmd/genconfig.go:38.45,40.3 1 0
github.com/onflow/flow-go/cmd/bootstrap/cmd/genconfig.go:53.13,66.2 9 1
github.com/onflow/flow-go/cmd/bootstrap/cmd/genconfig.go:68.54,74.2 1 0
github.com/onflow/flow-go/cmd/bootstrap/cmd/keys.go:15.50,27.16 9 0
github.com/onflow/flow-go/cmd/bootstrap/cmd/keys.go:30.2,34.16 4 0
github.com/onflow/flow-go/cmd/bootstrap/cmd/keys.go:37.2,40.41 3 0
github.com/onflow/flow-go/cmd/bootstrap/cmd/keys.go:55.2,55.41 1 0
github.com/onflow/flow-go/cmd/bootstrap/cmd/keys.go:65.2,65.22 1 0
github.com/onflow/flow-go/cmd/bootstrap/cmd/keys.go:27.16,29.3 1 0
github.com/onflow/flow-go/cmd/bootstrap/cmd/keys.go:34.16,36.3 1 0
github.com/onflow/flow-go/cmd/bootstrap/cmd/keys.go:40.41,48.17 5 0
github.com/onflow/flow-go/cmd/bootstrap/cmd/keys.go:52.3,52.75 1 0
github.com/onflow/flow-go/cmd/bootstrap/cmd/keys.go:48.17,50.4 1 0
github.com/onflow/flow-go/cmd/bootstrap/cmd/keys.go:55.41,58.17 2 0
github.com/onflow/flow-go/cmd/bootstrap/cmd/keys.go:62.3,62.75 1 0
github.com/onflow/flow-go/cmd/bootstrap/cmd/keys.go:58.17,60.4 1 0
github.com/onflow/flow-go/cmd/bootstrap/cmd/keys.go:68.109,71.12 3 5
github.com/onflow/flow-go/cmd/bootstrap/cmd/keys.go:78.2,92.17 3 5
github.com/onflow/flow-go/cmd/bootstrap/cmd/keys.go:71.12,73.17 2 2
github.com/onflow/flow-go/cmd/bootstrap/cmd/keys.go:73.17,75.4 1 0
github.com/onflow/flow-go/cmd/bootstrap/cmd/keys.go:95.119,105.2 3 2
github.com/onflow/flow-go/cmd/bootstrap/cmd/keys.go:107.94,113.2 3 6
github.com/onflow/flow-go/cmd/bootstrap/cmd/keys.go:115.53,117.23 2 0
github.com/onflow/flow-go/cmd/bootstrap/cmd/keys.go:117.23,118.37 1 0
github.com/onflow/flow-go/cmd/bootstrap/cmd/keys.go:118.37,120.4 1 0
github.com/onflow/flow-go/cmd/bootstrap/cmd/machine_account.go:28.13,33.2 3 1
github.com/onflow/flow-go/cmd/bootstrap/cmd/machine_account.go:36.54,40.16 2 3
github.com/onflow/flow-go/cmd/bootstrap/cmd/machine_account.go:45.2,47.16 3 3
github.com/onflow/flow-go/cmd/bootstrap/cmd/machine_account.go:50.2,50.16 1 3
github.com/onflow/flow-go/cmd/bootstrap/cmd/machine_account.go:56.2,58.16 3 3
github.com/onflow/flow-go/cmd/bootstrap/cmd/machine_account.go:61.2,61.16 1 3
github.com/onflow/flow-go/cmd/bootstrap/cmd/machine_account.go:67.2,74.90 4 2
github.com/onflow/flow-go/cmd/bootstrap/cmd/machine_account.go:40.16,42.3 1 0
github.com/onflow/flow-go/cmd/bootstrap/cmd/machine_account.go:47.16,49.3 1 0
github.com/onflow/flow-go/cmd/bootstrap/cmd/machine_account.go:50.16,53.3 2 0
github.com/onflow/flow-go/cmd/bootstrap/cmd/machine_account.go:58.16,60.3 1 0
github.com/onflow/flow-go/cmd/bootstrap/cmd/machine_account.go:61.16,64.3 2 1
github.com/onflow/flow-go/cmd/bootstrap/cmd/machine_account.go:78.61,85.2 4 2
github.com/onflow/flow-go/cmd/bootstrap/cmd/machine_account.go:88.35,92.16 3 5
github.com/onflow/flow-go/cmd/bootstrap/cmd/machine_account.go:96.2,96.45 1 5
github.com/onflow/flow-go/cmd/bootstrap/cmd/machine_account.go:92.16,94.3 1 0
github.com/onflow/flow-go/cmd/bootstrap/cmd/util.go:17.42,19.25 2 0
github.com/onflow/flow-go/cmd/bootstrap/cmd/util.go:22.2,22.14 1 0
github.com/onflow/flow-go/cmd/bootstrap/cmd/util.go:19.25,21.3 1 0
github.com/onflow/flow-go/cmd/bootstrap/cmd/util.go:25.34,27.67 2 4
github.com/onflow/flow-go/cmd/bootstrap/cmd/util.go:30.2,30.13 1 4
github.com/onflow/flow-go/cmd/bootstrap/cmd/util.go:27.67,29.3 1 0
github.com/onflow/flow-go/cmd/bootstrap/cmd/util.go:33.48,35.16 2 6
github.com/onflow/flow-go/cmd/bootstrap/cmd/util.go:38.2,39.16 2 6
github.com/onflow/flow-go/cmd/bootstrap/cmd/util.go:35.16,37.3 1 0
github.com/onflow/flow-go/cmd/bootstrap/cmd/util.go:39.16,41.3 1 0
github.com/onflow/flow-go/cmd/bootstrap/cmd/util.go:44.47,46.16 2 18
github.com/onflow/flow-go/cmd/bootstrap/cmd/util.go:50.2,50.21 1 18
github.com/onflow/flow-go/cmd/bootstrap/cmd/util.go:46.16,48.3 1 0
github.com/onflow/flow-go/cmd/bootstrap/cmd/util.go:53.42,57.16 3 23
github.com/onflow/flow-go/cmd/bootstrap/cmd/util.go:61.2,62.16 2 23
github.com/onflow/flow-go/cmd/bootstrap/cmd/util.go:66.2,66.40 1 23
github.com/onflow/flow-go/cmd/bootstrap/cmd/util.go:57.16,59.3 1 0
github.com/onflow/flow-go/cmd/bootstrap/cmd/util.go:62.16,64.3 1 0
github.com/onflow/flow-go/cmd/bootstrap/cmd/util.go:69.50,71.2 1 18
github.com/onflow/flow-go/cmd/bootstrap/cmd/util.go:73.47,75.16 2 0
github.com/onflow/flow-go/cmd/bootstrap/cmd/util.go:79.2,79.13 1 0
github.com/onflow/flow-go/cmd/bootstrap/cmd/util.go:83.2,84.80 2 0
github.com/onflow/flow-go/cmd/bootstrap/cmd/util.go:90.2,90.19 1 0
github.com/onflow/flow-go/cmd/bootstrap/cmd/util.go:75.16,77.3 1 0
github.com/onflow/flow-go/cmd/bootstrap/cmd/util.go:79.13,81.3 1 0
github.com/onflow/flow-go/cmd/bootstrap/cmd/util.go:84.80,85.20 1 0
github.com/onflow/flow-go/cmd/bootstrap/cmd/util.go:88.3,88.13 1 0
github.com/onflow/flow-go/cmd/bootstrap/cmd/util.go:85.20,87.4 1 0
github.com/onflow/flow-go/cmd/bootstrap/cmd/util.go:94.44,96.16 2 8
github.com/onflow/flow-go/cmd/bootstrap/cmd/util.go:99.2,99.24 1 3
github.com/onflow/flow-go/cmd/bootstrap/cmd/util.go:102.2,102.19 1 0
github.com/onflow/flow-go/cmd/bootstrap/cmd/util.go:96.16,98.3 1 5
github.com/onflow/flow-go/cmd/bootstrap/cmd/util.go:99.24,101.3 1 3
github.com/onflow/flow-go/cmd/bootstrap/cmd/util.go:105.67,113.29 2 0
github.com/onflow/flow-go/cmd/bootstrap/cmd/util.go:117.2,117.19 1 0
github.com/onflow/flow-go/cmd/bootstrap/cmd/util.go:113.29,115.3 1 0
github.com/onflow/flow-go/cmd/bootstrap/cmd/clusters.go:14.131,29.33 7 0
github.com/onflow/flow-go/cmd/bootstrap/cmd/clusters.go:34.2,34.32 1 0
github.com/onflow/flow-go/cmd/bootstrap/cmd/clusters.go:38.2,40.16 3 0
github.com/onflow/flow-go/cmd/bootstrap/cmd/clusters.go:44.2,44.30 1 0
github.com/onflow/flow-go/cmd/bootstrap/cmd/clusters.go:29.33,31.3 1 0
github.com/onflow/flow-go/cmd/bootstrap/cmd/clusters.go:34.32,36.3 1 0
github.com/onflow/flow-go/cmd/bootstrap/cmd/clusters.go:40.16,42.3 1 0
github.com/onflow/flow-go/cmd/bootstrap/cmd/clusters.go:51.29,53.44 1 0
github.com/onflow/flow-go/cmd/bootstrap/cmd/clusters.go:58.2,59.38 2 0
github.com/onflow/flow-go/cmd/bootstrap/cmd/clusters.go:69.2,69.12 1 0
github.com/onflow/flow-go/cmd/bootstrap/cmd/clusters.go:53.44,56.3 1 0
github.com/onflow/flow-go/cmd/bootstrap/cmd/clusters.go:59.38,63.17 3 0
github.com/onflow/flow-go/cmd/bootstrap/cmd/clusters.go:66.3,66.14 1 0
github.com/onflow/flow-go/cmd/bootstrap/cmd/clusters.go:63.17,65.4 1 0
github.com/onflow/flow-go/cmd/bootstrap/cmd/clusters.go:75.99,78.33 2 0
github.com/onflow/flow-go/cmd/bootstrap/cmd/clusters.go:87.2,87.17 1 0
github.com/onflow/flow-go/cmd/bootstrap/cmd/clusters.go:78.33,82.34 3 0
github.com/onflow/flow-go/cmd/bootstrap/cmd/clusters.go:82.34,84.4 1 0
github.com/onflow/flow-go/cmd/bootstrap/cmd/key.go:35.13,47.2 8 1
github.com/onflow/flow-go/cmd/bootstrap/cmd/key.go:50.46,58.16 4 5
github.com/onflow/flow-go/cmd/bootstrap/cmd/key.go:62.2,71.16 5 5
github.com/onflow/flow-go/cmd/bootstrap/cmd/key.go:75.2,84.101 6 5
github.com/onflow/flow-go/cmd/bootstrap/cmd/key.go:58.16,60.3 1 0
github.com/onflow/flow-go/cmd/bootstrap/cmd/key.go:71.16,73.3 1 0
github.com/onflow/flow-go/cmd/bootstrap/cmd/key.go:87.86,92.16 4 5
github.com/onflow/flow-go/cmd/bootstrap/cmd/key.go:95.2,100.16 5 5
github.com/onflow/flow-go/cmd/bootstrap/cmd/key.go:103.2,108.16 5 5
github.com/onflow/flow-go/cmd/bootstrap/cmd/key.go:111.2,113.48 2 5
github.com/onflow/flow-go/cmd/bootstrap/cmd/key.go:92.16,94.3 1 0
github.com/onflow/flow-go/cmd/bootstrap/cmd/key.go:100.16,102.3 1 0
github.com/onflow/flow-go/cmd/bootstrap/cmd/key.go:108.16,110.3 1 0
github.com/onflow/flow-go/cmd/bootstrap/cmd/key.go:116.42,118.16 2 5
github.com/onflow/flow-go/cmd/bootstrap/cmd/key.go:122.2,122.15 1 5
github.com/onflow/flow-go/cmd/bootstrap/cmd/key.go:118.16,121.3 1 0
github.com/onflow/flow-go/cmd/bootstrap/cmd/key.go:125.39,126.30 1 16
github.com/onflow/flow-go/cmd/bootstrap/cmd/key.go:129.2,129.13 1 16
github.com/onflow/flow-go/cmd/bootstrap/cmd/key.go:126.30,128.3 1 0
github.com/onflow/flow-go/cmd/bootstrap/cmd/key.go:134.44,135.30 1 5
github.com/onflow/flow-go/cmd/bootstrap/cmd/key.go:143.2,153.15 7 5
github.com/onflow/flow-go/cmd/bootstrap/cmd/key.go:135.30,136.17 1 15
github.com/onflow/flow-go/cmd/bootstrap/cmd/key.go:136.17,139.4 1 0
github.com/onflow/flow-go/cmd/bootstrap/cmd/keygen.go:18.47,21.17 2 0
github.com/onflow/flow-go/cmd/bootstrap/cmd/keygen.go:27.3,27.13 1 0
github.com/onflow/flow-go/cmd/bootstrap/cmd/keygen.go:41.3,47.39 5 0
github.com/onflow/flow-go/cmd/bootstrap/cmd/keygen.go:51.3,52.24 2 0
github.com/onflow/flow-go/cmd/bootstrap/cmd/keygen.go:21.17,24.4 2 0
github.com/onflow/flow-go/cmd/bootstrap/cmd/keygen.go:27.13,29.18 2 0
github.com/onflow/flow-go/cmd/bootstrap/cmd/keygen.go:34.4,34.14 1 0
github.com/onflow/flow-go/cmd/bootstrap/cmd/keygen.go:29.18,32.5 2 0
github.com/onflow/flow-go/cmd/bootstrap/cmd/keygen.go:34.14,37.5 2 0
github.com/onflow/flow-go/cmd/bootstrap/cmd/keygen.go:47.39,49.4 1 0
github.com/onflow/flow-go/cmd/bootstrap/cmd/keygen.go:56.13,64.2 3 1
github.com/onflow/flow-go/cmd/bootstrap/cmd/keygen.go:67.44,69.16 2 0
github.com/onflow/flow-go/cmd/bootstrap/cmd/keygen.go:72.2,75.19 3 0
github.com/onflow/flow-go/cmd/bootstrap/cmd/keygen.go:78.2,78.19 1 0
github.com/onflow/flow-go/cmd/bootstrap/cmd/keygen.go:69.16,71.3 1 0
github.com/onflow/flow-go/cmd/bootstrap/cmd/keygen.go:75.19,77.3 1 0
github.com/onflow/flow-go/cmd/bootstrap/cmd/keygen.go:81.45,83.29 2 0
github.com/onflow/flow-go/cmd/bootstrap/cmd/keygen.go:86.2,86.53 1 0
github.com/onflow/flow-go/cmd/bootstrap/cmd/keygen.go:83.29,85.3 1 0
github.com/onflow/flow-go/cmd/bootstrap/cmd/machine_account_key.go:22.13,26.2 2 1
github.com/onflow/flow-go/cmd/bootstrap/cmd/machine_account_key.go:29.57,33.16 2 2
github.com/onflow/flow-go/cmd/bootstrap/cmd/machine_account_key.go:38.2,40.16 3 2
github.com/onflow/flow-go/cmd/bootstrap/cmd/machine_account_key.go:43.2,43.15 1 2
github.com/onflow/flow-go/cmd/bootstrap/cmd/machine_account_key.go:48.2,50.16 3 1
github.com/onflow/flow-go/cmd/bootstrap/cmd/machine_account_key.go:53.2,59.84 4 1
github.com/onflow/flow-go/cmd/bootstrap/cmd/machine_account_key.go:33.16,35.3 1 0
github.com/onflow/flow-go/cmd/bootstrap/cmd/machine_account_key.go:40.16,42.3 1 0
github.com/onflow/flow-go/cmd/bootstrap/cmd/machine_account_key.go:43.15,46.3 2 1
github.com/onflow/flow-go/cmd/bootstrap/cmd/machine_account_key.go:50.16,52.3 1 0
github.com/onflow/flow-go/cmd/bootstrap/cmd/root.go:22.16,23.42 1 0
github.com/onflow/flow-go/cmd/bootstrap/cmd/root.go:23.42,26.3 2 0
github.com/onflow/flow-go/cmd/bootstrap/cmd/root.go:29.13,36.2 3 1
github.com/onflow/flow-go/cmd/bootstrap/cmd/root.go:38.19,40.2 1 0
github.com/onflow/flow-go/cmd/util/ledger/migrations/storage_fees_migration.go:12.79,16.28 3 0
github.com/onflow/flow-go/cmd/util/ledger/migrations/storage_fees_migration.go:24.2,24.32 1 0
github.com/onflow/flow-go/cmd/util/ledger/migrations/storage_fees_migration.go:41.2,41.24 1 0
github.com/onflow/flow-go/cmd/util/ledger/migrations/storage_fees_migration.go:16.28,18.17 2 0
github.com/onflow/flow-go/cmd/util/ledger/migrations/storage_fees_migration.go:21.3,21.20 1 0
github.com/onflow/flow-go/cmd/util/ledger/migrations/storage_fees_migration.go:18.17,20.4 1 0
github.com/onflow/flow-go/cmd/util/ledger/migrations/storage_fees_migration.go:24.32,40.3 3 0
github.com/onflow/flow-go/cmd/util/ledger/migrations/storage_fees_migration.go:44.75,46.16 2 0
github.com/onflow/flow-go/cmd/util/ledger/migrations/storage_fees_migration.go:49.2,49.49 1 0
github.com/onflow/flow-go/cmd/util/ledger/migrations/storage_fees_migration.go:53.2,53.34 1 0
github.com/onflow/flow-go/cmd/util/ledger/migrations/storage_fees_migration.go:56.2,57.12 2 0
github.com/onflow/flow-go/cmd/util/ledger/migrations/storage_fees_migration.go:46.16,48.3 1 0
github.com/onflow/flow-go/cmd/util/ledger/migrations/storage_fees_migration.go:49.49,52.3 1 0
github.com/onflow/flow-go/cmd/util/ledger/migrations/storage_fees_migration.go:53.34,55.3 1 0
github.com/onflow/flow-go/cmd/util/ledger/migrations/storage_fees_migration.go:60.61,65.2 4 0
github.com/onflow/flow-go/cmd/util/ledger/migrations/utils.go:11.63,15.44 1 42
github.com/onflow/flow-go/cmd/util/ledger/migrations/utils.go:19.2,23.8 1 34
github.com/onflow/flow-go/cmd/util/ledger/migrations/utils.go:15.44,17.3 1 8
github.com/onflow/flow-go/cmd/util/ledger/migrations/utils.go:26.61,43.2 3 0
github.com/onflow/flow-go/cmd/util/ledger/migrations/contract_reporter.go:23.45,25.2 1 0
github.com/onflow/flow-go/cmd/util/ledger/migrations/contract_reporter.go:27.66,32.16 4 0
github.com/onflow/flow-go/cmd/util/ledger/migrations/contract_reporter.go:36.2,36.15 1 0
github.com/onflow/flow-go/cmd/util/ledger/migrations/contract_reporter.go:43.2,44.15 2 0
github.com/onflow/flow-go/cmd/util/ledger/migrations/contract_reporter.go:51.2,56.28 5 0
github.com/onflow/flow-go/cmd/util/ledger/migrations/contract_reporter.go:85.2,87.12 2 0
github.com/onflow/flow-go/cmd/util/ledger/migrations/contract_reporter.go:32.16,34.3 1 0
github.com/onflow/flow-go/cmd/util/ledger/migrations/contract_reporter.go:36.15,38.17 2 0
github.com/onflow/flow-go/cmd/util/ledger/migrations/contract_reporter.go:38.17,39.14 1 0
github.com/onflow/flow-go/cmd/util/ledger/migrations/contract_reporter.go:44.15,46.17 2 0
github.com/onflow/flow-go/cmd/util/ledger/migrations/contract_reporter.go:46.17,47.14 1 0
github.com/onflow/flow-go/cmd/util/ledger/migrations/contract_reporter.go:56.28,58.17 2 0
github.com/onflow/flow-go/cmd/util/ledger/migrations/contract_reporter.go:61.3,61.50 1 0
github.com/onflow/flow-go/cmd/util/ledger/migrations/contract_reporter.go:65.3,65.39 1 0
github.com/onflow/flow-go/cmd/util/ledger/migrations/contract_reporter.go:68.3,70.17 3 0
github.com/onflow/flow-go/cmd/util/ledger/migrations/contract_reporter.go:73.3,73.26 1 0
github.com/onflow/flow-go/cmd/util/ledger/migrations/contract_reporter.go:76.3,76.38 1 0
github.com/onflow/flow-go/cmd/util/ledger/migrations/contract_reporter.go:58.17,60.4 1 0
github.com/onflow/flow-go/cmd/util/ledger/migrations/contract_reporter.go:61.50,63.12 1 0
github.com/onflow/flow-go/cmd/util/ledger/migrations/contract_reporter.go:65.39,66.12 1 0
github.com/onflow/flow-go/cmd/util/ledger/migrations/contract_reporter.go:70.17,72.4 1 0
github.com/onflow/flow-go/cmd/util/ledger/migrations/contract_reporter.go:73.26,74.12 1 0
github.com/onflow/flow-go/cmd/util/ledger/migrations/contract_reporter.go:76.38,79.18 3 0
github.com/onflow/flow-go/cmd/util/ledger/migrations/contract_reporter.go:79.18,81.5 1 0
github.com/onflow/flow-go/cmd/util/ledger/migrations/multiple_contract_migration.go:26.57,29.31 3 0
github.com/onflow/flow-go/cmd/util/ledger/migrations/multiple_contract_migration.go:35.2,35.19 1 0
github.com/onflow/flow-go/cmd/util/ledger/migrations/multiple_contract_migration.go:29.31,31.17 2 0
github.com/onflow/flow-go/cmd/util/ledger/migrations/multiple_contract_migration.go:31.17,32.14 1 0
github.com/onflow/flow-go/cmd/util/ledger/migrations/multiple_contract_migration.go:42.85,46.29 2 20
github.com/onflow/flow-go/cmd/util/ledger/migrations/multiple_contract_migration.go:56.2,56.22 1 20
github.com/onflow/flow-go/cmd/util/ledger/migrations/multiple_contract_migration.go:61.2,61.30 1 11
github.com/onflow/flow-go/cmd/util/ledger/migrations/multiple_contract_migration.go:46.29,49.17 2 21
github.com/onflow/flow-go/cmd/util/ledger/migrations/multiple_contract_migration.go:53.3,53.58 1 11
github.com/onflow/flow-go/cmd/util/ledger/migrations/multiple_contract_migration.go:49.17,51.12 2 10
github.com/onflow/flow-go/cmd/util/ledger/migrations/multiple_contract_migration.go:56.22,60.3 1 9
github.com/onflow/flow-go/cmd/util/ledger/migrations/multiple_contract_migration.go:64.64,75.2 1 6
github.com/onflow/flow-go/cmd/util/ledger/migrations/multiple_contract_migration.go:77.66,82.16 5 6
github.com/onflow/flow-go/cmd/util/ledger/migrations/multiple_contract_migration.go:85.2,85.25 1 6
github.com/onflow/flow-go/cmd/util/ledger/migrations/multiple_contract_migration.go:82.16,84.3 1 0
github.com/onflow/flow-go/cmd/util/ledger/migrations/multiple_contract_migration.go:88.97,90.16 2 6
github.com/onflow/flow-go/cmd/util/ledger/migrations/multiple_contract_migration.go:93.2,96.8 1 6
github.com/onflow/flow-go/cmd/util/ledger/migrations/multiple_contract_migration.go:90.16,92.3 1 0
github.com/onflow/flow-go/cmd/util/ledger/migrations/multiple_contract_migration.go:101.115,103.16 2 21
github.com/onflow/flow-go/cmd/util/ledger/migrations/multiple_contract_migration.go:108.2,108.34 1 17
github.com/onflow/flow-go/cmd/util/ledger/migrations/multiple_contract_migration.go:112.2,112.28 1 17
github.com/onflow/flow-go/cmd/util/ledger/migrations/multiple_contract_migration.go:117.2,117.30 1 15
github.com/onflow/flow-go/cmd/util/ledger/migrations/multiple_contract_migration.go:129.2,129.75 1 0
github.com/onflow/flow-go/cmd/util/ledger/migrations/multiple_contract_migration.go:133.2,133.33 1 0
github.com/onflow/flow-go/cmd/util/ledger/migrations/multiple_contract_migration.go:103.16,105.3 1 4
github.com/onflow/flow-go/cmd/util/ledger/migrations/multiple_contract_migration.go:108.34,110.3 1 0
github.com/onflow/flow-go/cmd/util/ledger/migrations/multiple_contract_migration.go:112.28,114.3 1 2
github.com/onflow/flow-go/cmd/util/ledger/migrations/multiple_contract_migration.go:117.30,118.79 1 15
github.com/onflow/flow-go/cmd/util/ledger/migrations/multiple_contract_migration.go:125.3,125.32 1 14
github.com/onflow/flow-go/cmd/util/ledger/migrations/multiple_contract_migration.go:118.79,124.4 2 1
github.com/onflow/flow-go/cmd/util/ledger/migrations/multiple_contract_migration.go:129.75,131.3 1 0
github.com/onflow/flow-go/cmd/util/ledger/migrations/multiple_contract_migration.go:143.3,150.9 5 0
github.com/onflow/flow-go/cmd/util/ledger/migrations/multiple_contract_migration.go:154.2,168.42 4 0
github.com/onflow/flow-go/cmd/util/ledger/migrations/multiple_contract_migration.go:150.9,152.3 1 0
github.com/onflow/flow-go/cmd/util/ledger/migrations/multiple_contract_migration.go:171.102,176.29 4 20
github.com/onflow/flow-go/cmd/util/ledger/migrations/multiple_contract_migration.go:213.2,213.56 1 20
github.com/onflow/flow-go/cmd/util/ledger/migrations/multiple_contract_migration.go:176.29,178.17 2 21
github.com/onflow/flow-go/cmd/util/ledger/migrations/multiple_contract_migration.go:184.3,184.29 1 17
github.com/onflow/flow-go/cmd/util/ledger/migrations/multiple_contract_migration.go:188.3,188.35 1 15
github.com/onflow/flow-go/cmd/util/ledger/migrations/multiple_contract_migration.go:192.3,193.17 2 0
github.com/onflow/flow-go/cmd/util/ledger/migrations/multiple_contract_migration.go:198.3,200.21 2 0
github.com/onflow/flow-go/cmd/util/ledger/migrations/multiple_contract_migration.go:178.17,181.12 2 4
github.com/onflow/flow-go/cmd/util/ledger/migrations/multiple_contract_migration.go:184.29,185.12 1 2
github.com/onflow/flow-go/cmd/util/ledger/migrations/multiple_contract_migration.go:188.35,189.12 1 15
github.com/onflow/flow-go/cmd/util/ledger/migrations/multiple_contract_migration.go:193.17,196.12 2 0
github.com/onflow/flow-go/cmd/util/ledger/migrations/multiple_contract_migration.go:200.21,201.67 1 0
github.com/onflow/flow-go/cmd/util/ledger/migrations/multiple_contract_migration.go:209.4,209.73 1 0
github.com/onflow/flow-go/cmd/util/ledger/migrations/multiple_contract_migration.go:201.67,207.13 3 0
github.com/onflow/flow-go/cmd/util/ledger/migrations/multiple_contract_migration.go:221.94,225.26 4 0
github.com/onflow/flow-go/cmd/util/ledger/migrations/multiple_contract_migration.go:228.2,229.16 2 0
github.com/onflow/flow-go/cmd/util/ledger/migrations/multiple_contract_migration.go:237.2,239.22 3 0
github.com/onflow/flow-go/cmd/util/ledger/migrations/multiple_contract_migration.go:247.2,265.34 6 0
github.com/onflow/flow-go/cmd/util/ledger/migrations/multiple_contract_migration.go:225.26,227.3 1 0
github.com/onflow/flow-go/cmd/util/ledger/migrations/multiple_contract_migration.go:229.16,235.3 2 0
github.com/onflow/flow-go/cmd/util/ledger/migrations/multiple_contract_migration.go:239.22,245.3 2 0
github.com/onflow/flow-go/cmd/util/ledger/migrations/multiple_contract_migration.go:268.49,270.2 1 14
github.com/onflow/flow-go/cmd/util/ledger/migrations/multiple_contract_migration.go:272.70,277.21 3 14
github.com/onflow/flow-go/cmd/util/ledger/migrations/multiple_contract_migration.go:281.2,283.16 3 12
github.com/onflow/flow-go/cmd/util/ledger/migrations/multiple_contract_migration.go:291.2,295.33 3 9
github.com/onflow/flow-go/cmd/util/ledger/migrations/multiple_contract_migration.go:302.2,302.59 1 9
github.com/onflow/flow-go/cmd/util/ledger/migrations/multiple_contract_migration.go:306.2,307.39 2 9
github.com/onflow/flow-go/cmd/util/ledger/migrations/multiple_contract_migration.go:317.2,318.16 2 9
github.com/onflow/flow-go/cmd/util/ledger/migrations/multiple_contract_migration.go:327.2,328.27 2 9
github.com/onflow/flow-go/cmd/util/ledger/migrations/multiple_contract_migration.go:277.21,279.3 1 2
github.com/onflow/flow-go/cmd/util/ledger/migrations/multiple_contract_migration.go:283.16,290.3 2 3
github.com/onflow/flow-go/cmd/util/ledger/migrations/multiple_contract_migration.go:295.33,296.58 1 19
github.com/onflow/flow-go/cmd/util/ledger/migrations/multiple_contract_migration.go:296.58,298.4 1 4
github.com/onflow/flow-go/cmd/util/ledger/migrations/multiple_contract_migration.go:302.59,304.3 1 6
github.com/onflow/flow-go/cmd/util/ledger/migrations/multiple_contract_migration.go:307.39,314.3 4 4
github.com/onflow/flow-go/cmd/util/ledger/migrations/multiple_contract_migration.go:318.16,325.3 2 0
github.com/onflow/flow-go/cmd/util/ledger/migrations/multiple_contract_migration.go:329.9,337.73 2 1
github.com/onflow/flow-go/cmd/util/ledger/migrations/multiple_contract_migration.go:338.9,346.17 5 2
github.com/onflow/flow-go/cmd/util/ledger/migrations/multiple_contract_migration.go:349.3,350.53 2 2
github.com/onflow/flow-go/cmd/util/ledger/migrations/multiple_contract_migration.go:351.9,360.39 4 5
github.com/onflow/flow-go/cmd/util/ledger/migrations/multiple_contract_migration.go:369.3,371.21 3 4
github.com/onflow/flow-go/cmd/util/ledger/migrations/multiple_contract_migration.go:379.3,387.37 7 4
github.com/onflow/flow-go/cmd/util/ledger/migrations/multiple_contract_migration.go:398.3,406.17 6 4
github.com/onflow/flow-go/cmd/util/ledger/migrations/multiple_contract_migration.go:409.3,419.9 2 4
github.com/onflow/flow-go/cmd/util/ledger/migrations/multiple_contract_migration.go:420.10,425.99 2 1
github.com/onflow/flow-go/cmd/util/ledger/migrations/multiple_contract_migration.go:346.17,348.4 1 0
github.com/onflow/flow-go/cmd/util/ledger/migrations/multiple_contract_migration.go:360.39,367.4 2 1
github.com/onflow/flow-go/cmd/util/ledger/migrations/multiple_contract_migration.go:371.21,374.4 2 2
github.com/onflow/flow-go/cmd/util/ledger/migrations/multiple_contract_migration.go:374.9,377.4 2 2
github.com/onflow/flow-go/cmd/util/ledger/migrations/multiple_contract_migration.go:387.37,391.4 3 2
github.com/onflow/flow-go/cmd/util/ledger/migrations/multiple_contract_migration.go:391.9,395.4 3 2
github.com/onflow/flow-go/cmd/util/ledger/migrations/multiple_contract_migration.go:406.17,408.4 1 0
github.com/onflow/flow-go/cmd/util/ledger/migrations/multiple_contract_migration.go:429.41,431.2 1 34
github.com/onflow/flow-go/cmd/util/ledger/migrations/multiple_contract_migration.go:433.59,435.2 1 10
github.com/onflow/flow-go/cmd/util/ledger/migrations/multiple_contract_migration.go:437.57,443.2 5 10
github.com/onflow/flow-go/cmd/util/ledger/migrations/multiple_contract_migration.go:445.79,447.25 2 6
github.com/onflow/flow-go/cmd/util/ledger/migrations/multiple_contract_migration.go:450.2,454.22 1 6
github.com/onflow/flow-go/cmd/util/ledger/migrations/multiple_contract_migration.go:447.25,449.3 1 16
github.com/onflow/flow-go/cmd/util/ledger/migrations/noop.go:7.66,9.2 1 0
github.com/onflow/flow-go/cmd/util/ledger/migrations/prune_migration.go:9.73,11.28 2 0
github.com/onflow/flow-go/cmd/util/ledger/migrations/prune_migration.go:16.2,16.24 1 0
github.com/onflow/flow-go/cmd/util/ledger/migrations/prune_migration.go:11.28,12.23 1 0
github.com/onflow/flow-go/cmd/util/ledger/migrations/prune_migration.go:12.23,14.4 1 0
github.com/onflow/flow-go/cmd/util/ledger/migrations/accounts.go:13.83,50.16 7 0
github.com/onflow/flow-go/cmd/util/ledger/migrations/accounts.go:55.2,56.16 2 0
github.com/onflow/flow-go/cmd/util/ledger/migrations/accounts.go:61.2,62.16 2 0
github.com/onflow/flow-go/cmd/util/ledger/migrations/accounts.go:67.2,68.16 2 0
github.com/onflow/flow-go/cmd/util/ledger/migrations/accounts.go:90.2,95.16 3 0
github.com/onflow/flow-go/cmd/util/ledger/migrations/accounts.go:100.2,102.16 2 0
github.com/onflow/flow-go/cmd/util/ledger/migrations/accounts.go:106.2,106.26 1 0
github.com/onflow/flow-go/cmd/util/ledger/migrations/accounts.go:50.16,52.3 1 0
github.com/onflow/flow-go/cmd/util/ledger/migrations/accounts.go:56.16,58.3 1 0
github.com/onflow/flow-go/cmd/util/ledger/migrations/accounts.go:62.16,64.3 1 0
github.com/onflow/flow-go/cmd/util/ledger/migrations/accounts.go:68.16,70.3 1 0
github.com/onflow/flow-go/cmd/util/ledger/migrations/accounts.go:95.16,97.3 1 0
github.com/onflow/flow-go/cmd/util/ledger/migrations/accounts.go:102.16,104.3 1 0
github.com/onflow/flow-go/cmd/util/ledger/migrations/accounts.go:109.103,112.16 3 0
github.com/onflow/flow-go/cmd/util/ledger/migrations/accounts.go:115.2,115.8 1 0
github.com/onflow/flow-go/cmd/util/ledger/migrations/accounts.go:132.2,132.12 1 0
github.com/onflow/flow-go/cmd/util/ledger/migrations/accounts.go:112.16,114.3 1 0
github.com/onflow/flow-go/cmd/util/ledger/migrations/accounts.go:115.8,117.17 2 0
github.com/onflow/flow-go/cmd/util/ledger/migrations/accounts.go:120.3,121.17 2 0
github.com/onflow/flow-go/cmd/util/ledger/migrations/accounts.go:124.3,125.17 2 0
github.com/onflow/flow-go/cmd/util/ledger/migrations/accounts.go:117.17,119.4 1 0
github.com/onflow/flow-go/cmd/util/ledger/migrations/accounts.go:121.17,123.4 1 0
github.com/onflow/flow-go/cmd/util/ledger/migrations/accounts.go:125.17,127.4 1 0
github.com/onflow/flow-go/cmd/util/ledger/migrations/accounts.go:128.8,131.3 1 0
github.com/onflow/flow-go/cmd/util/ledger/migrations/accounts.go:140.47,144.2 1 0
github.com/onflow/flow-go/cmd/util/ledger/migrations/accounts.go:146.38,151.2 4 0
github.com/onflow/flow-go/cmd/util/ledger/migrations/accounts.go:153.28,155.2 1 0
github.com/onflow/flow-go/cmd/util/ledger/migrations/accounts.go:157.46,160.32 3 0
github.com/onflow/flow-go/cmd/util/ledger/migrations/accounts.go:164.2,164.48 1 0
github.com/onflow/flow-go/cmd/util/ledger/migrations/accounts.go:167.2,167.12 1 0
github.com/onflow/flow-go/cmd/util/ledger/migrations/accounts.go:160.32,162.3 1 0
github.com/onflow/flow-go/cmd/util/ledger/migrations/accounts.go:164.48,166.3 1 0
github.com/onflow/flow-go/cmd/util/ledger/migrations/accounts.go:170.83,172.2 1 0
github.com/onflow/flow-go/cmd/util/ledger/migrations/accounts.go:174.79,176.16 2 0
github.com/onflow/flow-go/cmd/util/ledger/migrations/accounts.go:179.2,179.20 1 0
github.com/onflow/flow-go/cmd/util/ledger/migrations/accounts.go:183.2,183.21 1 0
github.com/onflow/flow-go/cmd/util/ledger/migrations/accounts.go:187.2,187.17 1 0
github.com/onflow/flow-go/cmd/util/ledger/migrations/accounts.go:176.16,178.3 1 0
github.com/onflow/flow-go/cmd/util/ledger/migrations/accounts.go:179.20,181.3 1 0
github.com/onflow/flow-go/cmd/util/ledger/migrations/accounts.go:183.21,185.3 1 0
github.com/onflow/flow-go/cmd/util/ledger/migrations/accounts.go:190.59,192.2 1 0
github.com/onflow/flow-go/cmd/util/ledger/migrations/accounts.go:194.60,196.2 1 0
github.com/onflow/flow-go/cmd/util/ledger/migrations/accounts.go:198.44,200.2 1 0
github.com/onflow/flow-go/cmd/util/ledger/migrations/accounts.go:202.49,203.42 1 0
github.com/onflow/flow-go/cmd/util/ledger/migrations/accounts.go:206.76,207.45 1 0
github.com/onflow/flow-go/cmd/util/ledger/migrations/accounts.go:214.82,221.2 4 0
github.com/onflow/flow-go/cmd/util/ledger/migrations/accounts.go:223.78,226.2 2 0
github.com/onflow/flow-go/cmd/util/ledger/migrations/accounts.go:228.59,232.2 3 0
github.com/onflow/flow-go/cmd/util/ledger/migrations/accounts.go:234.58,236.2 1 0
github.com/onflow/flow-go/cmd/util/ledger/migrations/accounts.go:238.43,240.31 2 0
github.com/onflow/flow-go/cmd/util/ledger/migrations/accounts.go:243.2,243.12 1 0
github.com/onflow/flow-go/cmd/util/ledger/migrations/accounts.go:240.31,242.3 1 0
github.com/onflow/flow-go/cmd/util/ledger/migrations/accounts.go:246.45,248.29 2 0
github.com/onflow/flow-go/cmd/util/ledger/migrations/accounts.go:255.2,257.3 1 0
github.com/onflow/flow-go/cmd/util/ledger/migrations/accounts.go:248.29,253.3 2 0
github.com/onflow/flow-go/cmd/util/ledger/migrations/accounts.go:260.52,262.2 1 0
github.com/onflow/flow-go/cmd/util/ledger/migrations/storage_reporter.go:27.44,29.2 1 0
github.com/onflow/flow-go/cmd/util/ledger/migrations/storage_reporter.go:31.65,36.16 4 0
github.com/onflow/flow-go/cmd/util/ledger/migrations/storage_reporter.go:40.2,40.15 1 0
github.com/onflow/flow-go/cmd/util/ledger/migrations/storage_reporter.go:47.2,48.15 2 0
github.com/onflow/flow-go/cmd/util/ledger/migrations/storage_reporter.go:55.2,58.28 3 0
github.com/onflow/flow-go/cmd/util/ledger/migrations/storage_reporter.go:97.2,99.12 2 0
github.com/onflow/flow-go/cmd/util/ledger/migrations/storage_reporter.go:36.16,38.3 1 0
github.com/onflow/flow-go/cmd/util/ledger/migrations/storage_reporter.go:40.15,42.17 2 0
github.com/onflow/flow-go/cmd/util/ledger/migrations/storage_reporter.go:42.17,43.14 1 0
github.com/onflow/flow-go/cmd/util/ledger/migrations/storage_reporter.go:48.15,50.17 2 0
github.com/onflow/flow-go/cmd/util/ledger/migrations/storage_reporter.go:50.17,51.14 1 0
github.com/onflow/flow-go/cmd/util/ledger/migrations/storage_reporter.go:58.28,60.17 2 0
github.com/onflow/flow-go/cmd/util/ledger/migrations/storage_reporter.go:63.3,63.50 1 0
github.com/onflow/flow-go/cmd/util/ledger/migrations/storage_reporter.go:67.3,67.31 1 0
github.com/onflow/flow-go/cmd/util/ledger/migrations/storage_reporter.go:70.3,72.17 3 0
github.com/onflow/flow-go/cmd/util/ledger/migrations/storage_reporter.go:75.3,76.17 2 0
github.com/onflow/flow-go/cmd/util/ledger/migrations/storage_reporter.go:80.3,81.17 2 0
github.com/onflow/flow-go/cmd/util/ledger/migrations/storage_reporter.go:85.3,86.17 2 0
github.com/onflow/flow-go/cmd/util/ledger/migrations/storage_reporter.go:90.3,92.17 3 0
github.com/onflow/flow-go/cmd/util/ledger/migrations/storage_reporter.go:60.17,62.4 1 0
github.com/onflow/flow-go/cmd/util/ledger/migrations/storage_reporter.go:63.50,65.12 1 0
github.com/onflow/flow-go/cmd/util/ledger/migrations/storage_reporter.go:67.31,68.12 1 0
github.com/onflow/flow-go/cmd/util/ledger/migrations/storage_reporter.go:72.17,74.4 1 0
github.com/onflow/flow-go/cmd/util/ledger/migrations/storage_reporter.go:76.17,79.4 2 0
github.com/onflow/flow-go/cmd/util/ledger/migrations/storage_reporter.go:81.17,84.4 2 0
github.com/onflow/flow-go/cmd/util/ledger/migrations/storage_reporter.go:86.17,89.4 2 0
github.com/onflow/flow-go/cmd/util/ledger/migrations/storage_reporter.go:92.17,94.4 1 0
github.com/onflow/flow-go/cmd/util/ledger/migrations/storage_reporter.go:102.88,110.16 3 0
github.com/onflow/flow-go/cmd/util/ledger/migrations/storage_reporter.go:113.2,113.32 1 0
github.com/onflow/flow-go/cmd/util/ledger/migrations/storage_reporter.go:110.16,112.3 1 0
github.com/onflow/flow-go/cmd/util/ledger/migrations/storage_reporter.go:116.91,124.16 3 0
github.com/onflow/flow-go/cmd/util/ledger/migrations/storage_reporter.go:127.2,127.32 1 0
github.com/onflow/flow-go/cmd/util/ledger/migrations/storage_reporter.go:124.16,126.3 1 0
github.com/onflow/flow-go/cmd/util/ledger/migrations/storage_reporter.go:130.118,144.16 4 0
github.com/onflow/flow-go/cmd/util/ledger/migrations/storage_reporter.go:148.2,149.16 2 0
github.com/onflow/flow-go/cmd/util/ledger/migrations/storage_reporter.go:153.2,153.29 1 0
github.com/onflow/flow-go/cmd/util/ledger/migrations/storage_reporter.go:157.2,157.33 1 0
github.com/onflow/flow-go/cmd/util/ledger/migrations/storage_reporter.go:161.2,165.16 4 0
github.com/onflow/flow-go/cmd/util/ledger/migrations/storage_reporter.go:168.2,169.9 2 0
github.com/onflow/flow-go/cmd/util/ledger/migrations/storage_reporter.go:172.2,173.9 2 0
github.com/onflow/flow-go/cmd/util/ledger/migrations/storage_reporter.go:176.2,177.9 2 0
github.com/onflow/flow-go/cmd/util/ledger/migrations/storage_reporter.go:181.2,181.40 1 0
github.com/onflow/flow-go/cmd/util/ledger/migrations/storage_reporter.go:144.16,146.3 1 0
github.com/onflow/flow-go/cmd/util/ledger/migrations/storage_reporter.go:149.16,151.3 1 0
github.com/onflow/flow-go/cmd/util/ledger/migrations/storage_reporter.go:153.29,155.3 1 0
github.com/onflow/flow-go/cmd/util/ledger/migrations/storage_reporter.go:157.33,159.3 1 0
github.com/onflow/flow-go/cmd/util/ledger/migrations/storage_reporter.go:165.16,167.3 1 0
github.com/onflow/flow-go/cmd/util/ledger/migrations/storage_reporter.go:169.9,171.3 1 0
github.com/onflow/flow-go/cmd/util/ledger/migrations/storage_reporter.go:173.9,175.3 1 0
github.com/onflow/flow-go/cmd/util/ledger/migrations/storage_reporter.go:177.9,179.3 1 0
github.com/onflow/flow-go/cmd/util/ledger/migrations/storage_reporter.go:184.83,193.2 2 0
github.com/onflow/flow-go/cmd/util/ledger/migrations/storage_v4.go:18.84,31.35 5 1
github.com/onflow/flow-go/cmd/util/ledger/migrations/storage_v4.go:35.2,35.12 1 1
github.com/onflow/flow-go/cmd/util/ledger/migrations/storage_v4.go:43.2,43.30 1 1
github.com/onflow/flow-go/cmd/util/ledger/migrations/storage_v4.go:53.2,53.30 1 1
github.com/onflow/flow-go/cmd/util/ledger/migrations/storage_v4.go:31.35,33.3 1 4
github.com/onflow/flow-go/cmd/util/ledger/migrations/storage_v4.go:35.12,36.36 1 1
github.com/onflow/flow-go/cmd/util/ledger/migrations/storage_v4.go:40.3,40.14 1 0
github.com/onflow/flow-go/cmd/util/ledger/migrations/storage_v4.go:36.36,38.4 1 1
github.com/onflow/flow-go/cmd/util/ledger/migrations/storage_v4.go:43.30,44.26 1 1
github.com/onflow/flow-go/cmd/util/ledger/migrations/storage_v4.go:47.3,48.45 2 1
github.com/onflow/flow-go/cmd/util/ledger/migrations/storage_v4.go:44.26,46.4 1 0
github.com/onflow/flow-go/cmd/util/ledger/migrations/storage_v4.go:48.45,49.9 1 1
github.com/onflow/flow-go/cmd/util/ledger/migrations/storage_v4.go:60.4,61.28 1 1
github.com/onflow/flow-go/cmd/util/ledger/migrations/storage_v4.go:61.28,70.17 3 1
github.com/onflow/flow-go/cmd/util/ledger/migrations/storage_v4.go:78.3,78.20 1 1
github.com/onflow/flow-go/cmd/util/ledger/migrations/storage_v4.go:70.17,72.4 1 0
github.com/onflow/flow-go/cmd/util/ledger/migrations/storage_v4.go:72.9,73.64 1 1
github.com/onflow/flow-go/cmd/util/ledger/migrations/storage_v4.go:76.4,76.36 1 1
github.com/onflow/flow-go/cmd/util/ledger/migrations/storage_v4.go:73.64,74.65 1 0
github.com/onflow/flow-go/cmd/util/ledger/migrations/storage_v4.go:82.35,89.16 2 1
github.com/onflow/flow-go/cmd/util/ledger/migrations/storage_v4.go:92.2,92.16 1 1
github.com/onflow/flow-go/cmd/util/ledger/migrations/storage_v4.go:89.16,90.13 1 0
github.com/onflow/flow-go/cmd/util/ledger/migrations/storage_v4.go:95.71,105.82 5 1
github.com/onflow/flow-go/cmd/util/ledger/migrations/storage_v4.go:109.2,112.16 3 1
github.com/onflow/flow-go/cmd/util/ledger/migrations/storage_v4.go:118.2,121.16 3 1
github.com/onflow/flow-go/cmd/util/ledger/migrations/storage_v4.go:129.2,134.21 2 1
github.com/onflow/flow-go/cmd/util/ledger/migrations/storage_v4.go:105.82,107.3 1 0
github.com/onflow/flow-go/cmd/util/ledger/migrations/storage_v4.go:112.16,114.3 1 0
github.com/onflow/flow-go/cmd/util/ledger/migrations/storage_v4.go:121.16,127.3 1 0
github.com/onflow/flow-go/cmd/util/ledger/migrations/storage_v4.go:137.100,142.18 2 1
github.com/onflow/flow-go/cmd/util/ledger/migrations/storage_v4.go:148.2,151.16 3 1
github.com/onflow/flow-go/cmd/util/ledger/migrations/storage_v4.go:161.2,164.16 3 1
github.com/onflow/flow-go/cmd/util/ledger/migrations/storage_v4.go:179.2,179.31 1 1
github.com/onflow/flow-go/cmd/util/ledger/migrations/storage_v4.go:186.2,186.30 1 1
github.com/onflow/flow-go/cmd/util/ledger/migrations/storage_v4.go:196.2,203.16 2 1
github.com/onflow/flow-go/cmd/util/ledger/migrations/storage_v4.go:210.2,211.9 2 1
github.com/onflow/flow-go/cmd/util/ledger/migrations/storage_v4.go:218.2,218.49 1 1
github.com/onflow/flow-go/cmd/util/ledger/migrations/storage_v4.go:225.2,225.21 1 1
github.com/onflow/flow-go/cmd/util/ledger/migrations/storage_v4.go:142.18,144.3 1 1
github.com/onflow/flow-go/cmd/util/ledger/migrations/storage_v4.go:151.16,157.3 1 0
github.com/onflow/flow-go/cmd/util/ledger/migrations/storage_v4.go:164.16,175.3 2 0
github.com/onflow/flow-go/cmd/util/ledger/migrations/storage_v4.go:179.31,184.3 1 0
github.com/onflow/flow-go/cmd/util/ledger/migrations/storage_v4.go:186.30,191.3 1 0
github.com/onflow/flow-go/cmd/util/ledger/migrations/storage_v4.go:203.16,208.3 1 0
github.com/onflow/flow-go/cmd/util/ledger/migrations/storage_v4.go:211.9,216.3 1 0
github.com/onflow/flow-go/cmd/util/ledger/migrations/storage_v4.go:218.49,223.3 1 0
github.com/onflow/flow-go/cmd/util/ledger/migrations/storage_v4.go:245.63,248.2 1 0
github.com/onflow/flow-go/cmd/util/ledger/migrations/storage_v4.go:250.81,255.71 2 1
github.com/onflow/flow-go/cmd/util/ledger/migrations/storage_v4.go:260.2,263.9 3 0
github.com/onflow/flow-go/cmd/util/ledger/migrations/storage_v4.go:271.2,272.9 2 0
github.com/onflow/flow-go/cmd/util/ledger/migrations/storage_v4.go:280.2,280.59 1 0
github.com/onflow/flow-go/cmd/util/ledger/migrations/storage_v4.go:288.2,303.59 3 0
github.com/onflow/flow-go/cmd/util/ledger/migrations/storage_v4.go:255.71,258.3 1 1
github.com/onflow/flow-go/cmd/util/ledger/migrations/storage_v4.go:263.9,269.3 2 0
github.com/onflow/flow-go/cmd/util/ledger/migrations/storage_v4.go:272.9,278.3 2 0
github.com/onflow/flow-go/cmd/util/ledger/migrations/storage_v4.go:280.59,286.3 2 0
github.com/onflow/flow-go/cmd/util/ledger/migrations/storage_v4.go:306.57,308.62 1 1
github.com/onflow/flow-go/cmd/util/ledger/migrations/storage_v4.go:312.2,313.51 2 1
github.com/onflow/flow-go/cmd/util/ledger/migrations/storage_v4.go:317.2,317.12 1 1
github.com/onflow/flow-go/cmd/util/ledger/migrations/storage_v4.go:308.62,310.3 1 0
github.com/onflow/flow-go/cmd/util/ledger/migrations/storage_v4.go:313.51,315.3 1 0
github.com/onflow/flow-go/cmd/bootstrap/run/seal.go:9.73,11.16 2 0
github.com/onflow/flow-go/cmd/bootstrap/run/seal.go:14.2,19.18 2 0
github.com/onflow/flow-go/cmd/bootstrap/run/seal.go:11.16,13.3 1 0
github.com/onflow/flow-go/cmd/bootstrap/run/dkg.go:17.59,19.21 1 3
github.com/onflow/flow-go/cmd/bootstrap/run/dkg.go:24.2,24.12 1 1
github.com/onflow/flow-go/cmd/bootstrap/run/dkg.go:39.2,43.25 3 1
github.com/onflow/flow-go/cmd/bootstrap/run/dkg.go:48.2,48.25 1 1
github.com/onflow/flow-go/cmd/bootstrap/run/dkg.go:56.2,56.25 1 1
github.com/onflow/flow-go/cmd/bootstrap/run/dkg.go:65.2,71.25 4 1
github.com/onflow/flow-go/cmd/bootstrap/run/dkg.go:81.2,84.28 2 1
github.com/onflow/flow-go/cmd/bootstrap/run/dkg.go:93.2,97.39 3 1
github.com/onflow/flow-go/cmd/bootstrap/run/dkg.go:101.2,107.21 2 1
github.com/onflow/flow-go/cmd/bootstrap/run/dkg.go:19.21,21.3 1 2
github.com/onflow/flow-go/cmd/bootstrap/run/dkg.go:24.12,26.17 2 0
github.com/onflow/flow-go/cmd/bootstrap/run/dkg.go:30.3,36.22 2 0
github.com/onflow/flow-go/cmd/bootstrap/run/dkg.go:26.17,28.4 1 0
github.com/onflow/flow-go/cmd/bootstrap/run/dkg.go:43.25,45.3 1 4
github.com/onflow/flow-go/cmd/bootstrap/run/dkg.go:48.25,53.3 1 4
github.com/onflow/flow-go/cmd/bootstrap/run/dkg.go:56.25,60.17 3 4
github.com/onflow/flow-go/cmd/bootstrap/run/dkg.go:60.17,62.4 1 0
github.com/onflow/flow-go/cmd/bootstrap/run/dkg.go:71.25,76.17 2 4
github.com/onflow/flow-go/cmd/bootstrap/run/dkg.go:79.3,79.44 1 4
github.com/onflow/flow-go/cmd/bootstrap/run/dkg.go:76.17,78.4 1 0
github.com/onflow/flow-go/cmd/bootstrap/run/dkg.go:84.28,87.26 3 2
github.com/onflow/flow-go/cmd/bootstrap/run/dkg.go:87.26,89.4 1 8
github.com/onflow/flow-go/cmd/bootstrap/run/dkg.go:97.39,99.3 1 4
github.com/onflow/flow-go/cmd/bootstrap/run/dkg.go:132.67,135.2 2 12
github.com/onflow/flow-go/cmd/bootstrap/run/dkg.go:138.55,140.39 2 4
github.com/onflow/flow-go/cmd/bootstrap/run/dkg.go:140.39,141.24 1 16
github.com/onflow/flow-go/cmd/bootstrap/run/dkg.go:141.24,143.4 1 12
github.com/onflow/flow-go/cmd/bootstrap/run/dkg.go:148.66,149.2 0 0
github.com/onflow/flow-go/cmd/bootstrap/run/dkg.go:152.71,153.2 0 0
github.com/onflow/flow-go/cmd/bootstrap/run/dkg.go:157.75,158.6 1 12
github.com/onflow/flow-go/cmd/bootstrap/run/dkg.go:158.6,159.10 1 36
github.com/onflow/flow-go/cmd/bootstrap/run/dkg.go:160.45,162.33 2 24
github.com/onflow/flow-go/cmd/bootstrap/run/dkg.go:167.4,167.18 1 24
github.com/onflow/flow-go/cmd/bootstrap/run/dkg.go:171.38,172.17 1 12
github.com/onflow/flow-go/cmd/bootstrap/run/dkg.go:196.4,197.10 2 12
github.com/onflow/flow-go/cmd/bootstrap/run/dkg.go:162.33,164.5 1 12
github.com/onflow/flow-go/cmd/bootstrap/run/dkg.go:164.10,166.5 1 12
github.com/onflow/flow-go/cmd/bootstrap/run/dkg.go:167.18,169.5 1 0
github.com/onflow/flow-go/cmd/bootstrap/run/dkg.go:173.11,175.19 2 4
github.com/onflow/flow-go/cmd/bootstrap/run/dkg.go:178.11,180.19 2 4
github.com/onflow/flow-go/cmd/bootstrap/run/dkg.go:183.11,185.19 2 4
github.com/onflow/flow-go/cmd/bootstrap/run/dkg.go:188.5,188.23 1 4
github.com/onflow/flow-go/cmd/bootstrap/run/dkg.go:192.5,194.27 3 4
github.com/onflow/flow-go/cmd/bootstrap/run/dkg.go:175.19,177.6 1 0
github.com/onflow/flow-go/cmd/bootstrap/run/dkg.go:180.19,182.6 1 0
github.com/onflow/flow-go/cmd/bootstrap/run/dkg.go:185.19,187.6 1 0
github.com/onflow/flow-go/cmd/bootstrap/run/dkg.go:188.23,190.6 1 0
github.com/onflow/flow-go/cmd/bootstrap/run/dkg.go:203.59,205.12 1 0
github.com/onflow/flow-go/cmd/bootstrap/run/dkg.go:219.2,221.16 2 0
github.com/onflow/flow-go/cmd/bootstrap/run/dkg.go:225.2,231.21 2 0
github.com/onflow/flow-go/cmd/bootstrap/run/dkg.go:205.12,207.17 2 0
github.com/onflow/flow-go/cmd/bootstrap/run/dkg.go:211.3,216.22 2 0
github.com/onflow/flow-go/cmd/bootstrap/run/dkg.go:207.17,209.4 1 0
github.com/onflow/flow-go/cmd/bootstrap/run/dkg.go:221.16,223.3 1 0
github.com/onflow/flow-go/cmd/bootstrap/run/dkg.go:235.113,237.16 2 0
github.com/onflow/flow-go/cmd/bootstrap/run/dkg.go:240.2,244.6 2 0
github.com/onflow/flow-go/cmd/bootstrap/run/dkg.go:237.16,239.3 1 0
github.com/onflow/flow-go/cmd/bootstrap/run/execution_state.go:18.84,20.16 2 1
github.com/onflow/flow-go/cmd/bootstrap/run/execution_state.go:24.2,28.8 1 1
github.com/onflow/flow-go/cmd/bootstrap/run/execution_state.go:20.16,22.3 1 0
github.com/onflow/flow-go/cmd/bootstrap/run/execution_state.go:37.33,41.16 3 1
github.com/onflow/flow-go/cmd/bootstrap/run/execution_state.go:44.2,44.15 1 1
github.com/onflow/flow-go/cmd/bootstrap/run/execution_state.go:48.2,49.16 2 1
github.com/onflow/flow-go/cmd/bootstrap/run/execution_state.go:53.2,59.3 1 1
github.com/onflow/flow-go/cmd/bootstrap/run/execution_state.go:41.16,43.3 1 0
github.com/onflow/flow-go/cmd/bootstrap/run/execution_state.go:44.15,46.3 1 1
github.com/onflow/flow-go/cmd/bootstrap/run/execution_state.go:49.16,51.3 1 0
github.com/onflow/flow-go/cmd/bootstrap/run/key_generation.go:9.72,11.16 2 0
github.com/onflow/flow-go/cmd/bootstrap/run/key_generation.go:14.2,14.21 1 0
github.com/onflow/flow-go/cmd/bootstrap/run/key_generation.go:11.16,13.3 1 0
github.com/onflow/flow-go/cmd/bootstrap/run/key_generation.go:17.68,19.16 2 0
github.com/onflow/flow-go/cmd/bootstrap/run/key_generation.go:22.2,22.21 1 0
github.com/onflow/flow-go/cmd/bootstrap/run/key_generation.go:19.16,21.3 1 0
github.com/onflow/flow-go/cmd/bootstrap/run/key_generation.go:25.81,27.2 1 0
github.com/onflow/flow-go/cmd/bootstrap/run/key_generation.go:29.65,31.16 2 0
github.com/onflow/flow-go/cmd/bootstrap/run/key_generation.go:34.2,34.21 1 0
github.com/onflow/flow-go/cmd/bootstrap/run/key_generation.go:31.16,33.3 1 0
github.com/onflow/flow-go/cmd/bootstrap/run/key_generation.go:37.78,39.2 1 1
github.com/onflow/flow-go/cmd/bootstrap/run/key_generation.go:41.101,42.21 1 4
github.com/onflow/flow-go/cmd/bootstrap/run/key_generation.go:46.2,49.29 3 2
github.com/onflow/flow-go/cmd/bootstrap/run/key_generation.go:55.2,55.18 1 2
github.com/onflow/flow-go/cmd/bootstrap/run/key_generation.go:42.21,44.3 1 2
github.com/onflow/flow-go/cmd/bootstrap/run/key_generation.go:49.29,50.71 1 4
github.com/onflow/flow-go/cmd/bootstrap/run/key_generation.go:50.71,52.4 1 0
github.com/onflow/flow-go/cmd/bootstrap/run/qc.go:33.59,35.46 2 1
github.com/onflow/flow-go/cmd/bootstrap/run/qc.go:38.2,38.40 1 1
github.com/onflow/flow-go/cmd/bootstrap/run/qc.go:35.46,37.3 1 3
github.com/onflow/flow-go/cmd/bootstrap/run/qc.go:41.107,44.16 2 1
github.com/onflow/flow-go/cmd/bootstrap/run/qc.go:48.2,51.33 3 1
github.com/onflow/flow-go/cmd/bootstrap/run/qc.go:60.2,61.16 2 1
github.com/onflow/flow-go/cmd/bootstrap/run/qc.go:66.2,68.16 2 1
github.com/onflow/flow-go/cmd/bootstrap/run/qc.go:44.16,46.3 1 0
github.com/onflow/flow-go/cmd/bootstrap/run/qc.go:51.33,53.17 2 3
github.com/onflow/flow-go/cmd/bootstrap/run/qc.go:56.3,56.30 1 3
github.com/onflow/flow-go/cmd/bootstrap/run/qc.go:53.17,55.4 1 0
github.com/onflow/flow-go/cmd/bootstrap/run/qc.go:61.16,63.3 1 0
github.com/onflow/flow-go/cmd/bootstrap/run/qc.go:71.114,76.25 4 1
github.com/onflow/flow-go/cmd/bootstrap/run/qc.go:80.2,85.59 4 1
github.com/onflow/flow-go/cmd/bootstrap/run/qc.go:117.2,117.33 1 1
github.com/onflow/flow-go/cmd/bootstrap/run/qc.go:76.25,78.3 1 0
github.com/onflow/flow-go/cmd/bootstrap/run/qc.go:85.59,88.17 2 3
github.com/onflow/flow-go/cmd/bootstrap/run/qc.go:92.3,93.17 2 3
github.com/onflow/flow-go/cmd/bootstrap/run/qc.go:98.3,99.17 2 3
github.com/onflow/flow-go/cmd/bootstrap/run/qc.go:104.3,114.20 9 3
github.com/onflow/flow-go/cmd/bootstrap/run/qc.go:88.17,90.4 1 0
github.com/onflow/flow-go/cmd/bootstrap/run/qc.go:93.17,95.4 1 0
github.com/onflow/flow-go/cmd/bootstrap/run/qc.go:99.17,101.4 1 0
github.com/onflow/flow-go/cmd/bootstrap/run/qc.go:124.125,127.40 1 0
github.com/onflow/flow-go/cmd/bootstrap/run/qc.go:132.2,132.49 1 0
github.com/onflow/flow-go/cmd/bootstrap/run/qc.go:136.2,141.37 3 0
github.com/onflow/flow-go/cmd/bootstrap/run/qc.go:151.2,151.37 1 0
github.com/onflow/flow-go/cmd/bootstrap/run/qc.go:173.2,176.20 3 0
github.com/onflow/flow-go/cmd/bootstrap/run/qc.go:127.40,129.3 1 0
github.com/onflow/flow-go/cmd/bootstrap/run/qc.go:132.49,134.3 1 0
github.com/onflow/flow-go/cmd/bootstrap/run/qc.go:141.37,148.3 2 0
github.com/onflow/flow-go/cmd/bootstrap/run/qc.go:151.37,153.33 1 0
github.com/onflow/flow-go/cmd/bootstrap/run/qc.go:157.3,157.22 1 0
github.com/onflow/flow-go/cmd/bootstrap/run/qc.go:161.3,162.10 2 0
github.com/onflow/flow-go/cmd/bootstrap/run/qc.go:165.3,170.5 2 0
github.com/onflow/flow-go/cmd/bootstrap/run/qc.go:153.33,155.4 1 0
github.com/onflow/flow-go/cmd/bootstrap/run/qc.go:157.22,159.4 1 0
github.com/onflow/flow-go/cmd/bootstrap/run/qc.go:162.10,164.4 1 0
github.com/onflow/flow-go/cmd/bootstrap/run/block.go:9.120,32.2 3 0
github.com/onflow/flow-go/cmd/bootstrap/run/cluster_block.go:11.90,13.31 2 0
github.com/onflow/flow-go/cmd/bootstrap/run/cluster_block.go:21.2,21.22 1 0
github.com/onflow/flow-go/cmd/bootstrap/run/cluster_block.go:13.31,15.10 2 0
github.com/onflow/flow-go/cmd/bootstrap/run/cluster_block.go:19.3,19.69 1 0
github.com/onflow/flow-go/cmd/bootstrap/run/cluster_block.go:15.10,16.63 1 0
github.com/onflow/flow-go/cmd/bootstrap/run/cluster_qc.go:20.125,23.16 2 1
github.com/onflow/flow-go/cmd/bootstrap/run/cluster_qc.go:27.2,37.33 3 1
github.com/onflow/flow-go/cmd/bootstrap/run/cluster_qc.go:46.2,47.16 2 1
github.com/onflow/flow-go/cmd/bootstrap/run/cluster_qc.go:52.2,54.16 2 1
github.com/onflow/flow-go/cmd/bootstrap/run/cluster_qc.go:23.16,25.3 1 0
github.com/onflow/flow-go/cmd/bootstrap/run/cluster_qc.go:37.33,39.17 2 3
github.com/onflow/flow-go/cmd/bootstrap/run/cluster_qc.go:42.3,42.30 1 3
github.com/onflow/flow-go/cmd/bootstrap/run/cluster_qc.go:39.17,41.4 1 0
github.com/onflow/flow-go/cmd/bootstrap/run/cluster_qc.go:47.16,49.3 1 0
github.com/onflow/flow-go/cmd/bootstrap/run/cluster_qc.go:57.122,67.43 6 1
github.com/onflow/flow-go/cmd/bootstrap/run/cluster_qc.go:94.2,94.33 1 1
github.com/onflow/flow-go/cmd/bootstrap/run/cluster_qc.go:67.43,70.17 2 3
github.com/onflow/flow-go/cmd/bootstrap/run/cluster_qc.go:75.3,76.17 2 3
github.com/onflow/flow-go/cmd/bootstrap/run/cluster_qc.go:80.3,81.17 2 3
github.com/onflow/flow-go/cmd/bootstrap/run/cluster_qc.go:86.3,92.20 5 3
github.com/onflow/flow-go/cmd/bootstrap/run/cluster_qc.go:70.17,72.4 1 0
github.com/onflow/flow-go/cmd/bootstrap/run/cluster_qc.go:76.17,78.4 1 0
github.com/onflow/flow-go/cmd/bootstrap/run/cluster_qc.go:81.17,83.4 1 0
github.com/onflow/flow-go/cmd/bootstrap/run/result.go:13.25,22.2 2 0
github.com/onflow/flow-go/cmd/util/cmd/execution-state-extract/cmd.go:31.13,54.2 9 1
github.com/onflow/flow-go/cmd/util/cmd/execution-state-extract/cmd.go:56.36,59.60 2 10
github.com/onflow/flow-go/cmd/util/cmd/execution-state-extract/cmd.go:64.2,64.28 1 10
github.com/onflow/flow-go/cmd/util/cmd/execution-state-extract/cmd.go:82.2,82.34 1 10
github.com/onflow/flow-go/cmd/util/cmd/execution-state-extract/cmd.go:94.2,97.16 3 10
github.com/onflow/flow-go/cmd/util/cmd/execution-state-extract/cmd.go:59.60,62.3 2 0
github.com/onflow/flow-go/cmd/util/cmd/execution-state-extract/cmd.go:64.28,66.17 2 10
github.com/onflow/flow-go/cmd/util/cmd/execution-state-extract/cmd.go:70.3,77.17 6 10
github.com/onflow/flow-go/cmd/util/cmd/execution-state-extract/cmd.go:66.17,68.4 1 0
github.com/onflow/flow-go/cmd/util/cmd/execution-state-extract/cmd.go:77.17,79.4 1 0
github.com/onflow/flow-go/cmd/util/cmd/execution-state-extract/cmd.go:82.34,85.17 3 0
github.com/onflow/flow-go/cmd/util/cmd/execution-state-extract/cmd.go:88.3,89.17 2 0
github.com/onflow/flow-go/cmd/util/cmd/execution-state-extract/cmd.go:85.17,87.4 1 0
github.com/onflow/flow-go/cmd/util/cmd/execution-state-extract/cmd.go:89.17,91.4 1 0
github.com/onflow/flow-go/cmd/util/cmd/execution-state-extract/cmd.go:97.16,99.3 1 0
github.com/onflow/flow-go/cmd/util/cmd/execution-state-extract/execution_state_extract.go:19.107,21.2 1 12
github.com/onflow/flow-go/cmd/util/cmd/execution-state-extract/execution_state_extract.go:28.21,39.16 2 11
github.com/onflow/flow-go/cmd/util/cmd/execution-state-extract/execution_state_extract.go:42.2,42.15 1 11
github.com/onflow/flow-go/cmd/util/cmd/execution-state-extract/execution_state_extract.go:46.2,52.16 2 11
github.com/onflow/flow-go/cmd/util/cmd/execution-state-extract/execution_state_extract.go:56.2,58.13 3 11
[...]
github.com/onflow/flow-go/network/p2p/ping.go:197.16,199.3 1 0
github.com/onflow/flow-go/network/p2p/ping.go:208.16,210.3 1 0
github.com/onflow/flow-go/network/p2p/ping.go:219.70,224.2 1 8
github.com/onflow/flow-go/network/p2p/rcvcache.go:23.47,25.16 2 3
github.com/onflow/flow-go/network/p2p/rcvcache.go:29.2,33.17 2 3
github.com/onflow/flow-go/network/p2p/rcvcache.go:25.16,27.3 1 0
github.com/onflow/flow-go/network/p2p/rcvcache.go:38.70,45.2 3 23
github.com/onflow/flow-go/network/p2p/readConnection.go:34.34,36.21 1 0
github.com/onflow/flow-go/network/p2p/readConnection.go:40.2,50.11 3 0
github.com/onflow/flow-go/network/p2p/readConnection.go:36.21,38.3 1 0
github.com/onflow/flow-go/network/p2p/readConnection.go:55.59,63.6 4 0
github.com/onflow/flow-go/network/p2p/readConnection.go:63.6,65.10 1 0
github.com/onflow/flow-go/network/p2p/readConnection.go:71.3,76.17 3 0
github.com/onflow/flow-go/network/p2p/readConnection.go:88.3,89.27 2 0
github.com/onflow/flow-go/network/p2p/readConnection.go:103.3,106.20 2 0
github.com/onflow/flow-go/network/p2p/readConnection.go:66.24,67.10 1 0
github.com/onflow/flow-go/network/p2p/readConnection.go:68.11,68.11 0 0
github.com/onflow/flow-go/network/p2p/readConnection.go:76.17,78.21 1 0
github.com/onflow/flow-go/network/p2p/readConnection.go:82.4,84.10 3 0
github.com/onflow/flow-go/network/p2p/readConnection.go:78.21,81.5 2 0
github.com/onflow/flow-go/network/p2p/readConnection.go:89.27,100.4 3 0
github.com/onflow/flow-go/network/p2p/readConnection.go:110.41,112.16 2 0
github.com/onflow/flow-go/network/p2p/readConnection.go:112.16,114.3 1 0
github.com/onflow/flow-go/network/p2p/readConnection.go:117.41,119.16 2 0
github.com/onflow/flow-go/network/p2p/readConnection.go:119.16,121.3 1 0
github.com/onflow/flow-go/network/p2p/readConnection.go:124.83,131.2 2 0
github.com/onflow/flow-go/network/p2p/readSubscription.go:30.51,45.2 3 0
github.com/onflow/flow-go/network/p2p/readSubscription.go:49.60,54.6 3 0
github.com/onflow/flow-go/network/p2p/readSubscription.go:54.6,59.17 2 0
github.com/onflow/flow-go/network/p2p/readSubscription.go:79.3,82.17 3 0
github.com/onflow/flow-go/network/p2p/readSubscription.go:88.3,91.19 2 0
github.com/onflow/flow-go/network/p2p/readSubscription.go:59.17,62.31 1 0
github.com/onflow/flow-go/network/p2p/readSubscription.go:69.4,69.63 1 0
github.com/onflow/flow-go/network/p2p/readSubscription.go:74.4,76.10 2 0
github.com/onflow/flow-go/network/p2p/readSubscription.go:62.31,64.5 1 0
github.com/onflow/flow-go/network/p2p/readSubscription.go:69.63,71.5 1 0
github.com/onflow/flow-go/network/p2p/readSubscription.go:82.17,85.4 2 0
github.com/onflow/flow-go/network/p2p/libp2pNode.go:55.117,66.31 2 0
github.com/onflow/flow-go/network/p2p/libp2pNode.go:66.31,68.3 1 0
github.com/onflow/flow-go/network/p2p/libp2pNode.go:94.44,97.16 2 34
github.com/onflow/flow-go/network/p2p/libp2pNode.go:101.2,113.16 4 34
github.com/onflow/flow-go/network/p2p/libp2pNode.go:118.2,135.16 5 34
github.com/onflow/flow-go/network/p2p/libp2pNode.go:139.2,144.15 2 34
github.com/onflow/flow-go/network/p2p/libp2pNode.go:97.16,99.3 1 0
github.com/onflow/flow-go/network/p2p/libp2pNode.go:113.16,116.3 2 0
github.com/onflow/flow-go/network/p2p/libp2pNode.go:135.16,137.3 1 0
github.com/onflow/flow-go/network/p2p/libp2pNode.go:148.46,154.26 4 34
github.com/onflow/flow-go/network/p2p/libp2pNode.go:160.2,163.39 2 34
github.com/onflow/flow-go/network/p2p/libp2pNode.go:167.2,171.51 2 34
github.com/onflow/flow-go/network/p2p/libp2pNode.go:177.2,179.19 2 34
github.com/onflow/flow-go/network/p2p/libp2pNode.go:184.2,184.30 1 34
github.com/onflow/flow-go/network/p2p/libp2pNode.go:205.2,205.18 1 34
github.com/onflow/flow-go/network/p2p/libp2pNode.go:154.26,155.42 1 2
github.com/onflow/flow-go/network/p2p/libp2pNode.go:155.42,157.4 1 0
github.com/onflow/flow-go/network/p2p/libp2pNode.go:163.39,165.3 1 0
github.com/onflow/flow-go/network/p2p/libp2pNode.go:171.51,176.3 2 0
github.com/onflow/flow-go/network/p2p/libp2pNode.go:179.19,182.3 2 0
github.com/onflow/flow-go/network/p2p/libp2pNode.go:184.30,190.17 6 34
github.com/onflow/flow-go/network/p2p/libp2pNode.go:200.3,202.43 1 34
github.com/onflow/flow-go/network/p2p/libp2pNode.go:190.17,192.11 1 0
github.com/onflow/flow-go/network/p2p/libp2pNode.go:193.19,195.11 2 0
github.com/onflow/flow-go/network/p2p/libp2pNode.go:196.20,197.52 1 0
github.com/onflow/flow-go/network/p2p/libp2pNode.go:209.75,211.16 2 144
github.com/onflow/flow-go/network/p2p/libp2pNode.go:215.2,216.16 2 144
github.com/onflow/flow-go/network/p2p/libp2pNode.go:220.2,220.12 1 135
github.com/onflow/flow-go/network/p2p/libp2pNode.go:211.16,213.3 1 0
github.com/onflow/flow-go/network/p2p/libp2pNode.go:216.16,218.3 1 9
github.com/onflow/flow-go/network/p2p/libp2pNode.go:224.78,226.16 2 2
github.com/onflow/flow-go/network/p2p/libp2pNode.go:230.2,231.16 2 2
github.com/onflow/flow-go/network/p2p/libp2pNode.go:234.2,234.12 1 2
github.com/onflow/flow-go/network/p2p/libp2pNode.go:226.16,228.3 1 0
github.com/onflow/flow-go/network/p2p/libp2pNode.go:231.16,233.3 1 0
github.com/onflow/flow-go/network/p2p/libp2pNode.go:238.100,241.16 2 134
github.com/onflow/flow-go/network/p2p/libp2pNode.go:245.2,245.20 1 127
github.com/onflow/flow-go/network/p2p/libp2pNode.go:241.16,244.3 1 7
github.com/onflow/flow-go/network/p2p/libp2pNode.go:251.123,253.16 2 134
github.com/onflow/flow-go/network/p2p/libp2pNode.go:257.2,258.16 2 134
github.com/onflow/flow-go/network/p2p/libp2pNode.go:262.2,265.41 4 134
github.com/onflow/flow-go/network/p2p/libp2pNode.go:313.2,313.28 1 129
github.com/onflow/flow-go/network/p2p/libp2pNode.go:316.2,316.15 1 127
github.com/onflow/flow-go/network/p2p/libp2pNode.go:253.16,255.3 1 0
github.com/onflow/flow-go/network/p2p/libp2pNode.go:258.16,260.3 1 0
github.com/onflow/flow-go/network/p2p/libp2pNode.go:265.41,266.10 1 141
github.com/onflow/flow-go/network/p2p/libp2pNode.go:273.3,277.44 3 139
github.com/onflow/flow-go/network/p2p/libp2pNode.go:282.3,282.18 1 139
github.com/onflow/flow-go/network/p2p/libp2pNode.go:288.3,289.17 2 139
github.com/onflow/flow-go/network/p2p/libp2pNode.go:305.3,306.17 2 130
github.com/onflow/flow-go/network/p2p/libp2pNode.go:311.3,311.8 1 127
github.com/onflow/flow-go/network/p2p/libp2pNode.go:267.21,268.101 1 2
github.com/onflow/flow-go/network/p2p/libp2pNode.go:269.11,269.11 0 139
github.com/onflow/flow-go/network/p2p/libp2pNode.go:277.44,279.4 1 139
github.com/onflow/flow-go/network/p2p/libp2pNode.go:282.18,286.4 2 5
github.com/onflow/flow-go/network/p2p/libp2pNode.go:289.17,292.78 1 9
github.com/onflow/flow-go/network/p2p/libp2pNode.go:297.4,297.58 1 8
github.com/onflow/flow-go/network/p2p/libp2pNode.go:301.4,302.12 2 6
github.com/onflow/flow-go/network/p2p/libp2pNode.go:292.78,294.5 1 1
github.com/onflow/flow-go/network/p2p/libp2pNode.go:297.58,299.5 1 2
github.com/onflow/flow-go/network/p2p/libp2pNode.go:306.17,308.12 2 3
github.com/onflow/flow-go/network/p2p/libp2pNode.go:313.28,315.3 1 2
github.com/onflow/flow-go/network/p2p/libp2pNode.go:320.52,322.2 1 98
github.com/onflow/flow-go/network/p2p/libp2pNode.go:327.98,335.12 6 7
github.com/onflow/flow-go/network/p2p/libp2pNode.go:344.2,345.16 2 7
github.com/onflow/flow-go/network/p2p/libp2pNode.go:350.2,356.15 3 7
github.com/onflow/flow-go/network/p2p/libp2pNode.go:335.12,337.17 2 7
github.com/onflow/flow-go/network/p2p/libp2pNode.go:340.3,340.23 1 7
github.com/onflow/flow-go/network/p2p/libp2pNode.go:337.17,339.4 1 0
github.com/onflow/flow-go/network/p2p/libp2pNode.go:345.16,347.3 1 0
github.com/onflow/flow-go/network/p2p/libp2pNode.go:360.55,364.38 3 7
github.com/onflow/flow-go/network/p2p/libp2pNode.go:370.2,371.12 2 7
github.com/onflow/flow-go/network/p2p/libp2pNode.go:377.2,378.16 2 7
github.com/onflow/flow-go/network/p2p/libp2pNode.go:382.2,389.12 4 7
github.com/onflow/flow-go/network/p2p/libp2pNode.go:364.38,368.3 3 7
github.com/onflow/flow-go/network/p2p/libp2pNode.go:371.12,374.3 2 0
github.com/onflow/flow-go/network/p2p/libp2pNode.go:378.16,381.3 2 0
github.com/onflow/flow-go/network/p2p/libp2pNode.go:393.85,395.12 2 3
github.com/onflow/flow-go/network/p2p/libp2pNode.go:398.2,399.16 2 3
github.com/onflow/flow-go/network/p2p/libp2pNode.go:402.2,402.12 1 3
github.com/onflow/flow-go/network/p2p/libp2pNode.go:395.12,397.3 1 0
github.com/onflow/flow-go/network/p2p/libp2pNode.go:399.16,401.3 1 0
github.com/onflow/flow-go/network/p2p/libp2pNode.go:406.111,408.37 1 2
github.com/onflow/flow-go/network/p2p/libp2pNode.go:413.2,414.16 2 2
github.com/onflow/flow-go/network/p2p/libp2pNode.go:419.2,420.16 2 2
github.com/onflow/flow-go/network/p2p/libp2pNode.go:425.2,426.16 2 2
github.com/onflow/flow-go/network/p2p/libp2pNode.go:430.2,430.23 1 2
github.com/onflow/flow-go/network/p2p/libp2pNode.go:408.37,410.3 1 0
github.com/onflow/flow-go/network/p2p/libp2pNode.go:414.16,416.3 1 0
github.com/onflow/flow-go/network/p2p/libp2pNode.go:420.16,422.3 1 0
github.com/onflow/flow-go/network/p2p/libp2pNode.go:426.16,428.3 1 0
github.com/onflow/flow-go/network/p2p/libp2pNode.go:434.68,438.38 3 3
github.com/onflow/flow-go/network/p2p/libp2pNode.go:445.2,446.12 2 3
github.com/onflow/flow-go/network/p2p/libp2pNode.go:438.38,440.17 2 3
github.com/onflow/flow-go/network/p2p/libp2pNode.go:440.17,442.4 1 0
github.com/onflow/flow-go/network/p2p/libp2pNode.go:450.33,452.2 1 0
github.com/onflow/flow-go/network/p2p/libp2pNode.go:455.78,457.2 1 34
github.com/onflow/flow-go/network/p2p/libp2pNode.go:460.70,462.2 1 0
github.com/onflow/flow-go/network/p2p/libp2pNode.go:465.66,467.16 2 0
github.com/onflow/flow-go/network/p2p/libp2pNode.go:471.2,472.25 2 0
github.com/onflow/flow-go/network/p2p/libp2pNode.go:467.16,469.3 1 0
github.com/onflow/flow-go/network/p2p/libp2pNode.go:485.76,490.16 3 34
github.com/onflow/flow-go/network/p2p/libp2pNode.go:494.2,495.16 2 34
github.com/onflow/flow-go/network/p2p/libp2pNode.go:504.2,504.73 1 34
github.com/onflow/flow-go/network/p2p/libp2pNode.go:511.2,520.15 2 34
github.com/onflow/flow-go/network/p2p/libp2pNode.go:529.2,530.16 2 34
github.com/onflow/flow-go/network/p2p/libp2pNode.go:535.2,536.16 2 34
github.com/onflow/flow-go/network/p2p/libp2pNode.go:540.2,540.39 1 34
github.com/onflow/flow-go/network/p2p/libp2pNode.go:490.16,492.3 1 0
github.com/onflow/flow-go/network/p2p/libp2pNode.go:495.16,497.3 1 0
github.com/onflow/flow-go/network/p2p/libp2pNode.go:504.73,508.3 3 34
github.com/onflow/flow-go/network/p2p/libp2pNode.go:520.15,526.3 2 2
github.com/onflow/flow-go/network/p2p/libp2pNode.go:530.16,532.3 1 0
github.com/onflow/flow-go/network/p2p/libp2pNode.go:536.16,538.3 1 0
github.com/onflow/flow-go/network/p2p/subscriptionManager.go:18.87,23.2 1 0
github.com/onflow/flow-go/network/p2p/subscriptionManager.go:26.102,32.8 4 0
github.com/onflow/flow-go/network/p2p/subscriptionManager.go:37.2,38.16 2 0
github.com/onflow/flow-go/network/p2p/subscriptionManager.go:43.2,45.12 2 0
github.com/onflow/flow-go/network/p2p/subscriptionManager.go:32.8,34.3 1 0
github.com/onflow/flow-go/network/p2p/subscriptionManager.go:38.16,40.3 1 0
github.com/onflow/flow-go/network/p2p/subscriptionManager.go:49.81,55.9 4 0
github.com/onflow/flow-go/network/p2p/subscriptionManager.go:60.2,61.16 2 0
github.com/onflow/flow-go/network/p2p/subscriptionManager.go:65.2,67.12 2 0
github.com/onflow/flow-go/network/p2p/subscriptionManager.go:55.9,58.3 1 0
github.com/onflow/flow-go/network/p2p/subscriptionManager.go:61.16,63.3 1 0
github.com/onflow/flow-go/network/p2p/subscriptionManager.go:71.98,76.12 4 0
github.com/onflow/flow-go/network/p2p/subscriptionManager.go:79.2,79.17 1 0
github.com/onflow/flow-go/network/p2p/subscriptionManager.go:76.12,78.3 1 0
github.com/onflow/flow-go/network/p2p/subscriptionManager.go:83.70,88.34 4 0
github.com/onflow/flow-go/network/p2p/subscriptionManager.go:92.2,92.17 1 0
github.com/onflow/flow-go/network/p2p/subscriptionManager.go:88.34,90.3 1 0
github.com/onflow/flow-go/network/p2p/libp2pConnector.go:34.76,38.2 1 0
github.com/onflow/flow-go/network/p2p/libp2pConnector.go:40.54,42.30 2 0
github.com/onflow/flow-go/network/p2p/libp2pConnector.go:45.2,45.28 1 0
github.com/onflow/flow-go/network/p2p/libp2pConnector.go:42.30,44.3 1 0
github.com/onflow/flow-go/network/p2p/libp2pConnector.go:49.53,52.2 2 0
github.com/onflow/flow-go/network/p2p/libp2pConnector.go:54.87,56.16 2 0
github.com/onflow/flow-go/network/p2p/libp2pConnector.go:59.2,63.8 1 0
github.com/onflow/flow-go/network/p2p/libp2pConnector.go:56.16,58.3 1 0
github.com/onflow/flow-go/network/p2p/libp2pConnector.go:68.89,80.26 4 0
github.com/onflow/flow-go/network/p2p/libp2pConnector.go:84.2,84.12 1 0
github.com/onflow/flow-go/network/p2p/libp2pConnector.go:80.26,82.3 1 0
github.com/onflow/flow-go/network/p2p/libp2pConnector.go:88.87,94.34 2 0
github.com/onflow/flow-go/network/p2p/libp2pConnector.go:99.2,102.41 2 0
github.com/onflow/flow-go/network/p2p/libp2pConnector.go:94.34,96.3 1 0
github.com/onflow/flow-go/network/p2p/libp2pConnector.go:108.79,112.34 2 0
github.com/onflow/flow-go/network/p2p/libp2pConnector.go:117.2,120.39 2 0
github.com/onflow/flow-go/network/p2p/libp2pConnector.go:112.34,114.3 1 0
github.com/onflow/flow-go/network/p2p/libp2pConnector.go:120.39,126.26 2 0
github.com/onflow/flow-go/network/p2p/libp2pConnector.go:130.3,135.17 4 0
github.com/onflow/flow-go/network/p2p/libp2pConnector.go:126.26,127.12 1 0
github.com/onflow/flow-go/network/p2p/libp2pConnector.go:135.17,137.4 1 0
github.com/onflow/flow-go/network/p2p/libp2pConnector.go:137.9,139.4 1 0
github.com/onflow/flow-go/network/p2p/libp2pConnector.go:145.89,152.16 7 0
github.com/onflow/flow-go/network/p2p/libp2pConnector.go:155.2,155.30 1 0
github.com/onflow/flow-go/network/p2p/libp2pConnector.go:152.16,154.3 1 0
github.com/onflow/flow-go/network/p2p/middleware.go:84.54,86.26 1 0
github.com/onflow/flow-go/network/p2p/middleware.go:91.2,104.3 2 0
github.com/onflow/flow-go/network/p2p/middleware.go:86.26,89.3 1 0
github.com/onflow/flow-go/network/p2p/middleware.go:107.95,112.2 1 0
github.com/onflow/flow-go/network/p2p/middleware.go:115.43,117.2 1 0
github.com/onflow/flow-go/network/p2p/middleware.go:120.58,122.2 1 0
github.com/onflow/flow-go/network/p2p/middleware.go:125.54,129.16 3 0
github.com/onflow/flow-go/network/p2p/middleware.go:132.2,137.16 4 0
github.com/onflow/flow-go/network/p2p/middleware.go:141.2,142.16 2 0
github.com/onflow/flow-go/network/p2p/middleware.go:146.2,147.16 2 0
github.com/onflow/flow-go/network/p2p/middleware.go:151.2,152.9 2 0
github.com/onflow/flow-go/network/p2p/middleware.go:159.2,159.12 1 0
github.com/onflow/flow-go/network/p2p/middleware.go:129.16,131.3 1 0
github.com/onflow/flow-go/network/p2p/middleware.go:137.16,139.3 1 0
github.com/onflow/flow-go/network/p2p/middleware.go:142.16,144.3 1 0
github.com/onflow/flow-go/network/p2p/middleware.go:147.16,149.3 1 0
github.com/onflow/flow-go/network/p2p/middleware.go:153.31,154.57 1 0
github.com/onflow/flow-go/network/p2p/middleware.go:155.38,156.52 1 0
github.com/onflow/flow-go/network/p2p/middleware.go:163.29,170.16 4 0
github.com/onflow/flow-go/network/p2p/middleware.go:178.2,181.13 2 0
github.com/onflow/flow-go/network/p2p/middleware.go:170.16,172.3 1 0
github.com/onflow/flow-go/network/p2p/middleware.go:172.8,175.3 2 0
github.com/onflow/flow-go/network/p2p/middleware.go:191.110,195.14 3 0
github.com/onflow/flow-go/network/p2p/middleware.go:215.2,215.16 1 0
github.com/onflow/flow-go/network/p2p/middleware.go:218.2,218.12 1 0
github.com/onflow/flow-go/network/p2p/middleware.go:196.12,201.13 2 0
github.com/onflow/flow-go/network/p2p/middleware.go:202.16,203.27 1 0
github.com/onflow/flow-go/network/p2p/middleware.go:208.3,208.40 1 0
github.com/onflow/flow-go/network/p2p/middleware.go:209.14,210.32 1 0
github.com/onflow/flow-go/network/p2p/middleware.go:211.10,212.58 1 0
github.com/onflow/flow-go/network/p2p/middleware.go:203.27,207.4 2 0
github.com/onflow/flow-go/network/p2p/middleware.go:215.16,217.3 1 0
github.com/onflow/flow-go/network/p2p/middleware.go:222.120,223.24 1 0
github.com/onflow/flow-go/network/p2p/middleware.go:224.9,225.14 1 0
github.com/onflow/flow-go/network/p2p/middleware.go:226.9,227.18 1 0
github.com/onflow/flow-go/network/p2p/middleware.go:228.10,229.16 1 0
github.com/onflow/flow-go/network/p2p/middleware.go:239.87,242.16 2 0
github.com/onflow/flow-go/network/p2p/middleware.go:246.2,247.29 2 0
github.com/onflow/flow-go/network/p2p/middleware.go:254.2,264.16 5 0
github.com/onflow/flow-go/network/p2p/middleware.go:269.2,273.16 4 0
github.com/onflow/flow-go/network/p2p/middleware.go:278.2,279.16 2 0
github.com/onflow/flow-go/network/p2p/middleware.go:284.2,285.16 2 0
github.com/onflow/flow-go/network/p2p/middleware.go:290.2,292.12 2 0
github.com/onflow/flow-go/network/p2p/middleware.go:242.16,244.3 1 0
github.com/onflow/flow-go/network/p2p/middleware.go:247.29,252.3 1 0
github.com/onflow/flow-go/network/p2p/middleware.go:264.16,266.3 1 0
github.com/onflow/flow-go/network/p2p/middleware.go:273.16,275.3 1 0
github.com/onflow/flow-go/network/p2p/middleware.go:279.16,281.3 1 0
github.com/onflow/flow-go/network/p2p/middleware.go:285.16,287.3 1 0
github.com/onflow/flow-go/network/p2p/middleware.go:296.82,299.16 2 0
github.com/onflow/flow-go/network/p2p/middleware.go:304.2,305.12 2 0
github.com/onflow/flow-go/network/p2p/middleware.go:309.2,309.26 1 0
github.com/onflow/flow-go/network/p2p/middleware.go:299.16,301.3 1 0
github.com/onflow/flow-go/network/p2p/middleware.go:305.12,307.3 1 0
github.com/onflow/flow-go/network/p2p/middleware.go:313.84,315.39 2 0
github.com/onflow/flow-go/network/p2p/middleware.go:322.2,322.19 1 0
github.com/onflow/flow-go/network/p2p/middleware.go:315.39,321.3 2 0
github.com/onflow/flow-go/network/p2p/middleware.go:327.67,343.2 5 0
github.com/onflow/flow-go/network/p2p/middleware.go:346.63,351.16 3 0
github.com/onflow/flow-go/network/p2p/middleware.go:356.2,365.12 5 0
github.com/onflow/flow-go/network/p2p/middleware.go:351.16,353.3 1 0
github.com/onflow/flow-go/network/p2p/middleware.go:369.65,372.16 3 0
github.com/onflow/flow-go/network/p2p/middleware.go:376.2,378.12 2 0
github.com/onflow/flow-go/network/p2p/middleware.go:372.16,374.3 1 0
github.com/onflow/flow-go/network/p2p/middleware.go:382.59,385.33 1 0
github.com/onflow/flow-go/network/p2p/middleware.go:393.2,394.16 2 0
github.com/onflow/flow-go/network/p2p/middleware.go:385.33,387.24 1 0
github.com/onflow/flow-go/network/p2p/middleware.go:387.24,389.4 1 0
github.com/onflow/flow-go/network/p2p/middleware.go:394.16,396.3 1 0
github.com/onflow/flow-go/network/p2p/middleware.go:402.83,406.16 2 0
github.com/onflow/flow-go/network/p2p/middleware.go:410.2,411.39 2 0
github.com/onflow/flow-go/network/p2p/middleware.go:417.2,421.16 3 0
github.com/onflow/flow-go/network/p2p/middleware.go:425.2,427.12 2 0
github.com/onflow/flow-go/network/p2p/middleware.go:406.16,408.3 1 0
github.com/onflow/flow-go/network/p2p/middleware.go:411.39,415.3 1 0
github.com/onflow/flow-go/network/p2p/middleware.go:421.16,423.3 1 0
github.com/onflow/flow-go/network/p2p/middleware.go:431.98,433.16 2 0
github.com/onflow/flow-go/network/p2p/middleware.go:437.2,437.49 1 0
github.com/onflow/flow-go/network/p2p/middleware.go:433.16,435.3 1 0
github.com/onflow/flow-go/network/p2p/middleware.go:442.46,445.16 2 0
github.com/onflow/flow-go/network/p2p/middleware.go:450.2,451.16 2 0
github.com/onflow/flow-go/network/p2p/middleware.go:456.2,458.12 2 0
github.com/onflow/flow-go/network/p2p/middleware.go:445.16,447.3 1 0
github.com/onflow/flow-go/network/p2p/middleware.go:451.16,453.3 1 0
github.com/onflow/flow-go/network/p2p/middleware.go:462.72,464.2 1 0
github.com/onflow/flow-go/network/p2p/middleware.go:467.50,468.18 1 0
github.com/onflow/flow-go/network/p2p/middleware.go:469.36,470.35 1 0
github.com/onflow/flow-go/network/p2p/middleware.go:471.10,472.34 1 0
github.com/onflow/flow-go/network/p2p/middleware.go:477.64,478.18 1 0
github.com/onflow/flow-go/network/p2p/middleware.go:479.36,480.32 1 0
github.com/onflow/flow-go/network/p2p/middleware.go:481.10,482.31 1 0
